\BOOKMARK [0][-]{chapter.1}{\376\377\0001\000\040\000N\000a\000m\000e\000s\000p\000a\000c\000e\000\040\000I\000n\000d\000e\000x}{}% 1
\BOOKMARK [1][-]{section.1.1}{\376\377\0001\000.\0001\000\040\000P\000a\000c\000k\000a\000g\000e\000s}{chapter.1}% 2
\BOOKMARK [0][-]{chapter.2}{\376\377\0002\000\040\000H\000i\000e\000r\000a\000r\000c\000h\000i\000c\000a\000l\000\040\000I\000n\000d\000e\000x}{}% 3
\BOOKMARK [1][-]{section.2.1}{\376\377\0002\000.\0001\000\040\000C\000l\000a\000s\000s\000\040\000H\000i\000e\000r\000a\000r\000c\000h\000y}{chapter.2}% 4
\BOOKMARK [0][-]{chapter.3}{\376\377\0003\000\040\000C\000l\000a\000s\000s\000\040\000I\000n\000d\000e\000x}{}% 5
\BOOKMARK [1][-]{section.3.1}{\376\377\0003\000.\0001\000\040\000C\000l\000a\000s\000s\000\040\000L\000i\000s\000t}{chapter.3}% 6
\BOOKMARK [0][-]{chapter.4}{\376\377\0004\000\040\000N\000a\000m\000e\000s\000p\000a\000c\000e\000\040\000D\000o\000c\000u\000m\000e\000n\000t\000a\000t\000i\000o\000n}{}% 7
\BOOKMARK [1][-]{section.4.1}{\376\377\0004\000.\0001\000\040\000M\000u\000l\000t\000i\000S\000t\000a\000c\000k\000\040\000N\000a\000m\000e\000s\000p\000a\000c\000e\000\040\000R\000e\000f\000e\000r\000e\000n\000c\000e}{chapter.4}% 8
\BOOKMARK [2][-]{subsection.4.1.1}{\376\377\0004\000.\0001\000.\0001\000\040\000E\000n\000u\000m\000e\000r\000a\000t\000i\000o\000n\000\040\000T\000y\000p\000e\000\040\000D\000o\000c\000u\000m\000e\000n\000t\000a\000t\000i\000o\000n}{section.4.1}% 9
\BOOKMARK [3][-]{subsubsection.4.1.1.1}{\376\377\0004\000.\0001\000.\0001\000.\0001\000\040\000G\000a\000m\000e\000O\000v\000e\000r\000T\000y\000p\000e}{subsection.4.1.1}% 10
\BOOKMARK [3][-]{subsubsection.4.1.1.2}{\376\377\0004\000.\0001\000.\0001\000.\0002\000\040\000S\000h\000a\000p\000e}{subsection.4.1.1}% 11
\BOOKMARK [2][-]{subsection.4.1.2}{\376\377\0004\000.\0001\000.\0002\000\040\000F\000u\000n\000c\000t\000i\000o\000n\000\040\000D\000o\000c\000u\000m\000e\000n\000t\000a\000t\000i\000o\000n}{section.4.1}% 12
\BOOKMARK [3][-]{subsubsection.4.1.2.1}{\376\377\0004\000.\0001\000.\0002\000.\0001\000\040\000C\000a\000l\000l\000B\000a\000c\000k\000\050\000\051}{subsection.4.1.2}% 13
\BOOKMARK [0][-]{chapter.5}{\376\377\0005\000\040\000C\000l\000a\000s\000s\000\040\000D\000o\000c\000u\000m\000e\000n\000t\000a\000t\000i\000o\000n}{}% 14
\BOOKMARK [1][-]{section.5.1}{\376\377\0005\000.\0001\000\040\000M\000u\000l\000t\000i\000S\000t\000a\000c\000k\000.\000B\000a\000c\000k\000g\000r\000o\000u\000n\000d\000\040\000S\000t\000r\000u\000c\000t\000\040\000R\000e\000f\000e\000r\000e\000n\000c\000e}{chapter.5}% 15
\BOOKMARK [2][-]{subsection.5.1.1}{\376\377\0005\000.\0001\000.\0001\000\040\000D\000e\000t\000a\000i\000l\000e\000d\000\040\000D\000e\000s\000c\000r\000i\000p\000t\000i\000o\000n}{section.5.1}% 16
\BOOKMARK [2][-]{subsection.5.1.2}{\376\377\0005\000.\0001\000.\0002\000\040\000M\000e\000m\000b\000e\000r\000\040\000D\000a\000t\000a\000\040\000D\000o\000c\000u\000m\000e\000n\000t\000a\000t\000i\000o\000n}{section.5.1}% 17
\BOOKMARK [3][-]{subsubsection.5.1.2.1}{\376\377\0005\000.\0001\000.\0002\000.\0001\000\040\000b\000a\000c\000k\000g\000r\000o\000u\000n\000d\000P\000r\000e\000f\000a\000b}{subsection.5.1.2}% 18
\BOOKMARK [3][-]{subsubsection.5.1.2.2}{\376\377\0005\000.\0001\000.\0002\000.\0002\000\040\000b\000a\000c\000k\000g\000r\000o\000u\000n\000d\000T\000i\000l\000e\000P\000r\000e\000f\000a\000b}{subsection.5.1.2}% 19
\BOOKMARK [1][-]{section.5.2}{\376\377\0005\000.\0002\000\040\000M\000u\000l\000t\000i\000S\000t\000a\000c\000k\000.\000B\000a\000c\000k\000g\000r\000o\000u\000n\000d\000M\000a\000n\000a\000g\000e\000r\000\040\000C\000l\000a\000s\000s\000\040\000R\000e\000f\000e\000r\000e\000n\000c\000e}{chapter.5}% 20
\BOOKMARK [2][-]{subsection.5.2.1}{\376\377\0005\000.\0002\000.\0001\000\040\000D\000e\000t\000a\000i\000l\000e\000d\000\040\000D\000e\000s\000c\000r\000i\000p\000t\000i\000o\000n}{section.5.2}% 21
\BOOKMARK [2][-]{subsection.5.2.2}{\376\377\0005\000.\0002\000.\0002\000\040\000M\000e\000m\000b\000e\000r\000\040\000D\000a\000t\000a\000\040\000D\000o\000c\000u\000m\000e\000n\000t\000a\000t\000i\000o\000n}{section.5.2}% 22
\BOOKMARK [3][-]{subsubsection.5.2.2.1}{\376\377\0005\000.\0002\000.\0002\000.\0001\000\040\000b\000a\000c\000k\000g\000r\000o\000u\000n\000d\000s}{subsection.5.2.2}% 23
\BOOKMARK [1][-]{section.5.3}{\376\377\0005\000.\0003\000\040\000M\000u\000l\000t\000i\000S\000t\000a\000c\000k\000.\000C\000a\000m\000e\000r\000a\000M\000a\000n\000a\000g\000e\000r\000\040\000C\000l\000a\000s\000s\000\040\000R\000e\000f\000e\000r\000e\000n\000c\000e}{chapter.5}% 24
\BOOKMARK [2][-]{subsection.5.3.1}{\376\377\0005\000.\0003\000.\0001\000\040\000D\000e\000t\000a\000i\000l\000e\000d\000\040\000D\000e\000s\000c\000r\000i\000p\000t\000i\000o\000n}{section.5.3}% 25
\BOOKMARK [2][-]{subsection.5.3.2}{\376\377\0005\000.\0003\000.\0002\000\040\000M\000e\000m\000b\000e\000r\000\040\000F\000u\000n\000c\000t\000i\000o\000n\000\040\000D\000o\000c\000u\000m\000e\000n\000t\000a\000t\000i\000o\000n}{section.5.3}% 26
\BOOKMARK [3][-]{subsubsection.5.3.2.1}{\376\377\0005\000.\0003\000.\0002\000.\0001\000\040\000C\000a\000l\000l\000B\000a\000c\000k\000O\000n\000T\000a\000r\000g\000e\000t\000R\000e\000a\000c\000h\000e\000d\000\050\000C\000a\000l\000l\000B\000a\000c\000k\000\040\000c\000a\000l\000l\000B\000a\000c\000k\000\051}{subsection.5.3.2}% 27
\BOOKMARK [3][-]{subsubsection.5.3.2.2}{\376\377\0005\000.\0003\000.\0002\000.\0002\000\040\000R\000e\000q\000u\000e\000s\000t\000N\000e\000w\000T\000a\000r\000g\000e\000t\000\050\000f\000l\000o\000a\000t\000\040\000t\000a\000r\000g\000e\000t\000\051}{subsection.5.3.2}% 28
\BOOKMARK [3][-]{subsubsection.5.3.2.3}{\376\377\0005\000.\0003\000.\0002\000.\0003\000\040\000R\000e\000s\000e\000t\000P\000a\000n\000S\000p\000e\000e\000d\000O\000n\000T\000a\000r\000g\000e\000t\000R\000e\000a\000c\000h\000e\000d\000\050\000\051}{subsection.5.3.2}% 29
\BOOKMARK [3][-]{subsubsection.5.3.2.4}{\376\377\0005\000.\0003\000.\0002\000.\0004\000\040\000R\000e\000s\000e\000t\000T\000a\000r\000g\000e\000t\000\050\000f\000l\000o\000a\000t\000\040\000p\000a\000n\000S\000p\000e\000e\000d\000T\000o\000T\000a\000r\000g\000e\000t\000=\0001\000f\000\051}{subsection.5.3.2}% 30
\BOOKMARK [3][-]{subsubsection.5.3.2.5}{\376\377\0005\000.\0003\000.\0002\000.\0005\000\040\000S\000e\000t\000T\000a\000r\000g\000e\000t\000\050\000f\000l\000o\000a\000t\000\040\000t\000a\000r\000g\000e\000t\000,\000\040\000f\000l\000o\000a\000t\000\040\000p\000a\000n\000s\000p\000e\000e\000d\000=\0001\000f\000\051}{subsection.5.3.2}% 31
\BOOKMARK [3][-]{subsubsection.5.3.2.6}{\376\377\0005\000.\0003\000.\0002\000.\0006\000\040\000S\000t\000a\000r\000t\000P\000a\000n\000n\000i\000n\000g\000\050\000f\000l\000o\000a\000t\000\040\000p\000a\000n\000S\000p\000e\000e\000d\000=\0001\000f\000\051}{subsection.5.3.2}% 32
\BOOKMARK [2][-]{subsection.5.3.3}{\376\377\0005\000.\0003\000.\0003\000\040\000M\000e\000m\000b\000e\000r\000\040\000D\000a\000t\000a\000\040\000D\000o\000c\000u\000m\000e\000n\000t\000a\000t\000i\000o\000n}{section.5.3}% 33
\BOOKMARK [3][-]{subsubsection.5.3.3.1}{\376\377\0005\000.\0003\000.\0003\000.\0001\000\040\000t\000a\000r\000g\000e\000t\000Y}{subsection.5.3.3}% 34
\BOOKMARK [2][-]{subsection.5.3.4}{\376\377\0005\000.\0003\000.\0004\000\040\000P\000r\000o\000p\000e\000r\000t\000y\000\040\000D\000o\000c\000u\000m\000e\000n\000t\000a\000t\000i\000o\000n}{section.5.3}% 35
\BOOKMARK [3][-]{subsubsection.5.3.4.1}{\376\377\0005\000.\0003\000.\0004\000.\0001\000\040\000h\000a\000s\000R\000e\000a\000c\000h\000e\000d\000T\000a\000r\000g\000e\000t}{subsection.5.3.4}% 36
\BOOKMARK [3][-]{subsubsection.5.3.4.2}{\376\377\0005\000.\0003\000.\0004\000.\0002\000\040\000s\000h\000o\000u\000l\000d\000P\000a\000n}{subsection.5.3.4}% 37
\BOOKMARK [1][-]{section.5.4}{\376\377\0005\000.\0004\000\040\000M\000u\000l\000t\000i\000S\000t\000a\000c\000k\000.\000C\000a\000m\000e\000r\000a\000S\000h\000a\000k\000e\000\040\000C\000l\000a\000s\000s\000\040\000R\000e\000f\000e\000r\000e\000n\000c\000e}{chapter.5}% 38
\BOOKMARK [2][-]{subsection.5.4.1}{\376\377\0005\000.\0004\000.\0001\000\040\000D\000e\000t\000a\000i\000l\000e\000d\000\040\000D\000e\000s\000c\000r\000i\000p\000t\000i\000o\000n}{section.5.4}% 39
\BOOKMARK [2][-]{subsection.5.4.2}{\376\377\0005\000.\0004\000.\0002\000\040\000M\000e\000m\000b\000e\000r\000\040\000F\000u\000n\000c\000t\000i\000o\000n\000\040\000D\000o\000c\000u\000m\000e\000n\000t\000a\000t\000i\000o\000n}{section.5.4}% 40
\BOOKMARK [3][-]{subsubsection.5.4.2.1}{\376\377\0005\000.\0004\000.\0002\000.\0001\000\040\000S\000h\000a\000k\000e\000\050\000f\000l\000o\000a\000t\000\040\000s\000h\000a\000k\000e\000I\000n\000t\000e\000n\000s\000i\000t\000y\000=\0000\000.\0000\0005\000f\000,\000\040\000f\000l\000o\000a\000t\000\040\000s\000h\000a\000k\000e\000D\000e\000c\000a\000y\000=\0000\000.\0000\0000\0004\000f\000\051}{subsection.5.4.2}% 41
\BOOKMARK [1][-]{section.5.5}{\376\377\0005\000.\0005\000\040\000M\000u\000l\000t\000i\000S\000t\000a\000c\000k\000.\000C\000a\000n\000O\000n\000l\000y\000P\000i\000c\000k\000u\000p\000O\000n\000c\000e\000M\000o\000d\000i\000f\000i\000e\000r\000\040\000C\000l\000a\000s\000s\000\040\000R\000e\000f\000e\000r\000e\000n\000c\000e}{chapter.5}% 42
\BOOKMARK [2][-]{subsection.5.5.1}{\376\377\0005\000.\0005\000.\0001\000\040\000D\000e\000t\000a\000i\000l\000e\000d\000\040\000D\000e\000s\000c\000r\000i\000p\000t\000i\000o\000n}{section.5.5}% 43
\BOOKMARK [2][-]{subsection.5.5.2}{\376\377\0005\000.\0005\000.\0002\000\040\000M\000e\000m\000b\000e\000r\000\040\000F\000u\000n\000c\000t\000i\000o\000n\000\040\000D\000o\000c\000u\000m\000e\000n\000t\000a\000t\000i\000o\000n}{section.5.5}% 44
\BOOKMARK [3][-]{subsubsection.5.5.2.1}{\376\377\0005\000.\0005\000.\0002\000.\0001\000\040\000A\000c\000t\000i\000v\000a\000t\000e\000\050\000\051}{subsection.5.5.2}% 45
\BOOKMARK [3][-]{subsubsection.5.5.2.2}{\376\377\0005\000.\0005\000.\0002\000.\0002\000\040\000D\000e\000a\000c\000t\000i\000v\000a\000t\000e\000\050\000\051}{subsection.5.5.2}% 46
\BOOKMARK [1][-]{section.5.6}{\376\377\0005\000.\0006\000\040\000M\000u\000l\000t\000i\000S\000t\000a\000c\000k\000.\000C\000a\000t\000c\000h\000T\000h\000e\000S\000h\000a\000p\000e\000M\000o\000d\000i\000f\000i\000e\000r\000\040\000C\000l\000a\000s\000s\000\040\000R\000e\000f\000e\000r\000e\000n\000c\000e}{chapter.5}% 47
\BOOKMARK [2][-]{subsection.5.6.1}{\376\377\0005\000.\0006\000.\0001\000\040\000D\000e\000t\000a\000i\000l\000e\000d\000\040\000D\000e\000s\000c\000r\000i\000p\000t\000i\000o\000n}{section.5.6}% 48
\BOOKMARK [2][-]{subsection.5.6.2}{\376\377\0005\000.\0006\000.\0002\000\040\000M\000e\000m\000b\000e\000r\000\040\000F\000u\000n\000c\000t\000i\000o\000n\000\040\000D\000o\000c\000u\000m\000e\000n\000t\000a\000t\000i\000o\000n}{section.5.6}% 49
\BOOKMARK [3][-]{subsubsection.5.6.2.1}{\376\377\0005\000.\0006\000.\0002\000.\0001\000\040\000A\000c\000t\000i\000v\000a\000t\000e\000\050\000\051}{subsection.5.6.2}% 50
\BOOKMARK [3][-]{subsubsection.5.6.2.2}{\376\377\0005\000.\0006\000.\0002\000.\0002\000\040\000D\000e\000a\000c\000t\000i\000v\000a\000t\000e\000\050\000\051}{subsection.5.6.2}% 51
\BOOKMARK [1][-]{section.5.7}{\376\377\0005\000.\0007\000\040\000M\000u\000l\000t\000i\000S\000t\000a\000c\000k\000.\000C\000l\000i\000c\000k\000a\000b\000l\000e\000O\000b\000j\000e\000c\000t\000\040\000C\000l\000a\000s\000s\000\040\000R\000e\000f\000e\000r\000e\000n\000c\000e}{chapter.5}% 52
\BOOKMARK [2][-]{subsection.5.7.1}{\376\377\0005\000.\0007\000.\0001\000\040\000D\000e\000t\000a\000i\000l\000e\000d\000\040\000D\000e\000s\000c\000r\000i\000p\000t\000i\000o\000n}{section.5.7}% 53
\BOOKMARK [2][-]{subsection.5.7.2}{\376\377\0005\000.\0007\000.\0002\000\040\000M\000e\000m\000b\000e\000r\000\040\000F\000u\000n\000c\000t\000i\000o\000n\000\040\000D\000o\000c\000u\000m\000e\000n\000t\000a\000t\000i\000o\000n}{section.5.7}% 54
\BOOKMARK [3][-]{subsubsection.5.7.2.1}{\376\377\0005\000.\0007\000.\0002\000.\0001\000\040\000C\000l\000i\000c\000k\000e\000d\000\050\000\051}{subsection.5.7.2}% 55
\BOOKMARK [2][-]{subsection.5.7.3}{\376\377\0005\000.\0007\000.\0003\000\040\000P\000r\000o\000p\000e\000r\000t\000y\000\040\000D\000o\000c\000u\000m\000e\000n\000t\000a\000t\000i\000o\000n}{section.5.7}% 56
\BOOKMARK [3][-]{subsubsection.5.7.3.1}{\376\377\0005\000.\0007\000.\0003\000.\0001\000\040\000c\000l\000i\000c\000k\000a\000b\000l\000e}{subsection.5.7.3}% 57
\BOOKMARK [1][-]{section.5.8}{\376\377\0005\000.\0008\000\040\000M\000u\000l\000t\000i\000S\000t\000a\000c\000k\000.\000C\000l\000i\000c\000k\000H\000a\000n\000d\000l\000e\000r\000\040\000C\000l\000a\000s\000s\000\040\000R\000e\000f\000e\000r\000e\000n\000c\000e}{chapter.5}% 58
\BOOKMARK [2][-]{subsection.5.8.1}{\376\377\0005\000.\0008\000.\0001\000\040\000D\000e\000t\000a\000i\000l\000e\000d\000\040\000D\000e\000s\000c\000r\000i\000p\000t\000i\000o\000n}{section.5.8}% 59
\BOOKMARK [2][-]{subsection.5.8.2}{\376\377\0005\000.\0008\000.\0002\000\040\000M\000e\000m\000b\000e\000r\000\040\000D\000a\000t\000a\000\040\000D\000o\000c\000u\000m\000e\000n\000t\000a\000t\000i\000o\000n}{section.5.8}% 60
\BOOKMARK [3][-]{subsubsection.5.8.2.1}{\376\377\0005\000.\0008\000.\0002\000.\0001\000\040\000b\000o\000x\000M\000a\000s\000k}{subsection.5.8.2}% 61
\BOOKMARK [3][-]{subsubsection.5.8.2.2}{\376\377\0005\000.\0008\000.\0002\000.\0002\000\040\000d\000r\000a\000g\000L\000i\000n\000e}{subsection.5.8.2}% 62
\BOOKMARK [3][-]{subsubsection.5.8.2.3}{\376\377\0005\000.\0008\000.\0002\000.\0003\000\040\000i\000s\000M\000a\000i\000n\000M\000e\000n\000u\000S\000c\000e\000n\000e}{subsection.5.8.2}% 63
\BOOKMARK [3][-]{subsubsection.5.8.2.4}{\376\377\0005\000.\0008\000.\0002\000.\0004\000\040\000p\000l\000a\000y\000e\000r\000C\000o\000l\000o\000u\000r\000s}{subsection.5.8.2}% 64
\BOOKMARK [2][-]{subsection.5.8.3}{\376\377\0005\000.\0008\000.\0003\000\040\000P\000r\000o\000p\000e\000r\000t\000y\000\040\000D\000o\000c\000u\000m\000e\000n\000t\000a\000t\000i\000o\000n}{section.5.8}% 65
\BOOKMARK [3][-]{subsubsection.5.8.3.1}{\376\377\0005\000.\0008\000.\0003\000.\0001\000\040\000c\000a\000n\000O\000n\000l\000y\000C\000l\000i\000c\000k\000O\000n\000c\000e}{subsection.5.8.3}% 66
\BOOKMARK [3][-]{subsubsection.5.8.3.2}{\376\377\0005\000.\0008\000.\0003\000.\0002\000\040\000d\000r\000a\000g\000R\000e\000v\000e\000r\000s\000e\000d}{subsection.5.8.3}% 67
\BOOKMARK [3][-]{subsubsection.5.8.3.3}{\376\377\0005\000.\0008\000.\0003\000.\0003\000\040\000i\000n\000c\000r\000e\000a\000s\000e\000S\000h\000a\000p\000e\000S\000i\000z\000e}{subsection.5.8.3}% 68
\BOOKMARK [3][-]{subsubsection.5.8.3.4}{\376\377\0005\000.\0008\000.\0003\000.\0004\000\040\000s\000h\000a\000k\000e\000y\000S\000h\000a\000p\000e\000s}{subsection.5.8.3}% 69
\BOOKMARK [3][-]{subsubsection.5.8.3.5}{\376\377\0005\000.\0008\000.\0003\000.\0005\000\040\000u\000s\000e\000S\000p\000r\000i\000n\000g}{subsection.5.8.3}% 70
\BOOKMARK [3][-]{subsubsection.5.8.3.6}{\376\377\0005\000.\0008\000.\0003\000.\0006\000\040\000v\000e\000l\000o\000c\000i\000t\000y\000R\000a\000t\000i\000o}{subsection.5.8.3}% 71
\BOOKMARK [1][-]{section.5.9}{\376\377\0005\000.\0009\000\040\000M\000u\000l\000t\000i\000S\000t\000a\000c\000k\000.\000C\000l\000o\000u\000d\000\040\000C\000l\000a\000s\000s\000\040\000R\000e\000f\000e\000r\000e\000n\000c\000e}{chapter.5}% 72
\BOOKMARK [2][-]{subsection.5.9.1}{\376\377\0005\000.\0009\000.\0001\000\040\000D\000e\000t\000a\000i\000l\000e\000d\000\040\000D\000e\000s\000c\000r\000i\000p\000t\000i\000o\000n}{section.5.9}% 73
\BOOKMARK [2][-]{subsection.5.9.2}{\376\377\0005\000.\0009\000.\0002\000\040\000M\000e\000m\000b\000e\000r\000\040\000D\000a\000t\000a\000\040\000D\000o\000c\000u\000m\000e\000n\000t\000a\000t\000i\000o\000n}{section.5.9}% 74
\BOOKMARK [3][-]{subsubsection.5.9.2.1}{\376\377\0005\000.\0009\000.\0002\000.\0001\000\040\000m\000a\000x\000S\000p\000e\000e\000d}{subsection.5.9.2}% 75
\BOOKMARK [3][-]{subsubsection.5.9.2.2}{\376\377\0005\000.\0009\000.\0002\000.\0002\000\040\000m\000i\000n\000S\000p\000e\000e\000d}{subsection.5.9.2}% 76
\BOOKMARK [1][-]{section.5.10}{\376\377\0005\000.\0001\0000\000\040\000M\000u\000l\000t\000i\000S\000t\000a\000c\000k\000.\000C\000l\000o\000u\000d\000C\000o\000n\000t\000r\000o\000l\000l\000e\000r\000\040\000C\000l\000a\000s\000s\000\040\000R\000e\000f\000e\000r\000e\000n\000c\000e}{chapter.5}% 77
\BOOKMARK [2][-]{subsection.5.10.1}{\376\377\0005\000.\0001\0000\000.\0001\000\040\000D\000e\000t\000a\000i\000l\000e\000d\000\040\000D\000e\000s\000c\000r\000i\000p\000t\000i\000o\000n}{section.5.10}% 78
\BOOKMARK [2][-]{subsection.5.10.2}{\376\377\0005\000.\0001\0000\000.\0002\000\040\000M\000e\000m\000b\000e\000r\000\040\000F\000u\000n\000c\000t\000i\000o\000n\000\040\000D\000o\000c\000u\000m\000e\000n\000t\000a\000t\000i\000o\000n}{section.5.10}% 79
\BOOKMARK [3][-]{subsubsection.5.10.2.1}{\376\377\0005\000.\0001\0000\000.\0002\000.\0001\000\040\000P\000o\000o\000l\000C\000l\000o\000u\000d\000\050\000G\000a\000m\000e\000O\000b\000j\000e\000c\000t\000\040\000c\000l\000o\000u\000d\000\051}{subsection.5.10.2}% 80
\BOOKMARK [2][-]{subsection.5.10.3}{\376\377\0005\000.\0001\0000\000.\0003\000\040\000M\000e\000m\000b\000e\000r\000\040\000D\000a\000t\000a\000\040\000D\000o\000c\000u\000m\000e\000n\000t\000a\000t\000i\000o\000n}{section.5.10}% 81
\BOOKMARK [3][-]{subsubsection.5.10.3.1}{\376\377\0005\000.\0001\0000\000.\0003\000.\0001\000\040\000c\000l\000o\000u\000d\000P\000r\000e\000f\000a\000b\000s}{subsection.5.10.3}% 82
\BOOKMARK [3][-]{subsubsection.5.10.3.2}{\376\377\0005\000.\0001\0000\000.\0003\000.\0002\000\040\000m\000a\000x\000T\000i\000m\000e\000B\000e\000t\000w\000e\000e\000n\000C\000l\000o\000u\000d\000s}{subsection.5.10.3}% 83
\BOOKMARK [3][-]{subsubsection.5.10.3.3}{\376\377\0005\000.\0001\0000\000.\0003\000.\0003\000\040\000m\000i\000n\000T\000i\000m\000e\000B\000e\000t\000w\000e\000e\000n\000C\000l\000o\000u\000d\000s}{subsection.5.10.3}% 84
\BOOKMARK [3][-]{subsubsection.5.10.3.4}{\376\377\0005\000.\0001\0000\000.\0003\000.\0004\000\040\000y\000R\000a\000n\000d\000o\000m\000O\000f\000f\000s\000e\000t}{subsection.5.10.3}% 85
\BOOKMARK [1][-]{section.5.11}{\376\377\0005\000.\0001\0001\000\040\000M\000u\000l\000t\000i\000S\000t\000a\000c\000k\000.\000C\000l\000o\000u\000d\000R\000e\000t\000u\000r\000n\000e\000r\000\040\000C\000l\000a\000s\000s\000\040\000R\000e\000f\000e\000r\000e\000n\000c\000e}{chapter.5}% 86
\BOOKMARK [2][-]{subsection.5.11.1}{\376\377\0005\000.\0001\0001\000.\0001\000\040\000D\000e\000t\000a\000i\000l\000e\000d\000\040\000D\000e\000s\000c\000r\000i\000p\000t\000i\000o\000n}{section.5.11}% 87
\BOOKMARK [2][-]{subsection.5.11.2}{\376\377\0005\000.\0001\0001\000.\0002\000\040\000M\000e\000m\000b\000e\000r\000\040\000D\000a\000t\000a\000\040\000D\000o\000c\000u\000m\000e\000n\000t\000a\000t\000i\000o\000n}{section.5.11}% 88
\BOOKMARK [3][-]{subsubsection.5.11.2.1}{\376\377\0005\000.\0001\0001\000.\0002\000.\0001\000\040\000c\000l\000o\000u\000d\000C\000o\000n\000t\000r\000o\000l\000l\000e\000r}{subsection.5.11.2}% 89
\BOOKMARK [1][-]{section.5.12}{\376\377\0005\000.\0001\0002\000\040\000M\000u\000l\000t\000i\000S\000t\000a\000c\000k\000.\000D\000a\000t\000a\000P\000e\000r\000s\000i\000s\000t\000e\000n\000c\000e\000\040\000C\000l\000a\000s\000s\000\040\000R\000e\000f\000e\000r\000e\000n\000c\000e}{chapter.5}% 90
\BOOKMARK [2][-]{subsection.5.12.1}{\376\377\0005\000.\0001\0002\000.\0001\000\040\000D\000e\000t\000a\000i\000l\000e\000d\000\040\000D\000e\000s\000c\000r\000i\000p\000t\000i\000o\000n}{section.5.12}% 91
\BOOKMARK [2][-]{subsection.5.12.2}{\376\377\0005\000.\0001\0002\000.\0002\000\040\000M\000e\000m\000b\000e\000r\000\040\000F\000u\000n\000c\000t\000i\000o\000n\000\040\000D\000o\000c\000u\000m\000e\000n\000t\000a\000t\000i\000o\000n}{section.5.12}% 92
\BOOKMARK [3][-]{subsubsection.5.12.2.1}{\376\377\0005\000.\0001\0002\000.\0002\000.\0001\000\040\000L\000o\000a\000d\000\050\000\051}{subsection.5.12.2}% 93
\BOOKMARK [3][-]{subsubsection.5.12.2.2}{\376\377\0005\000.\0001\0002\000.\0002\000.\0002\000\040\000S\000a\000v\000e\000\050\000i\000n\000t\000\040\000h\000e\000i\000g\000h\000t\000,\000\040\000i\000n\000t\000\040\000r\000o\000u\000n\000d\000\051}{subsection.5.12.2}% 94
\BOOKMARK [2][-]{subsection.5.12.3}{\376\377\0005\000.\0001\0002\000.\0003\000\040\000P\000r\000o\000p\000e\000r\000t\000y\000\040\000D\000o\000c\000u\000m\000e\000n\000t\000a\000t\000i\000o\000n}{section.5.12}% 95
\BOOKMARK [3][-]{subsubsection.5.12.3.1}{\376\377\0005\000.\0001\0002\000.\0003\000.\0001\000\040\000h\000e\000i\000g\000h\000t}{subsection.5.12.3}% 96
\BOOKMARK [3][-]{subsubsection.5.12.3.2}{\376\377\0005\000.\0001\0002\000.\0003\000.\0002\000\040\000i\000n\000s\000t\000a\000n\000c\000e}{subsection.5.12.3}% 97
\BOOKMARK [3][-]{subsubsection.5.12.3.3}{\376\377\0005\000.\0001\0002\000.\0003\000.\0003\000\040\000r\000o\000u\000n\000d}{subsection.5.12.3}% 98
\BOOKMARK [1][-]{section.5.13}{\376\377\0005\000.\0001\0003\000\040\000M\000u\000l\000t\000i\000S\000t\000a\000c\000k\000.\000D\000e\000s\000t\000r\000o\000y\000\040\000C\000l\000a\000s\000s\000\040\000R\000e\000f\000e\000r\000e\000n\000c\000e}{chapter.5}% 99
\BOOKMARK [2][-]{subsection.5.13.1}{\376\377\0005\000.\0001\0003\000.\0001\000\040\000D\000e\000t\000a\000i\000l\000e\000d\000\040\000D\000e\000s\000c\000r\000i\000p\000t\000i\000o\000n}{section.5.13}% 100
\BOOKMARK [2][-]{subsection.5.13.2}{\376\377\0005\000.\0001\0003\000.\0002\000\040\000M\000e\000m\000b\000e\000r\000\040\000F\000u\000n\000c\000t\000i\000o\000n\000\040\000D\000o\000c\000u\000m\000e\000n\000t\000a\000t\000i\000o\000n}{section.5.13}% 101
\BOOKMARK [3][-]{subsubsection.5.13.2.1}{\376\377\0005\000.\0001\0003\000.\0002\000.\0001\000\040\000E\000x\000e\000c\000u\000t\000e\000D\000e\000s\000t\000r\000o\000y\000\050\000\051}{subsection.5.13.2}% 102
\BOOKMARK [1][-]{section.5.14}{\376\377\0005\000.\0001\0004\000\040\000M\000u\000l\000t\000i\000S\000t\000a\000c\000k\000.\000E\000x\000p\000l\000o\000s\000i\000v\000e\000O\000b\000j\000e\000c\000t\000\040\000C\000l\000a\000s\000s\000\040\000R\000e\000f\000e\000r\000e\000n\000c\000e}{chapter.5}% 103
\BOOKMARK [2][-]{subsection.5.14.1}{\376\377\0005\000.\0001\0004\000.\0001\000\040\000D\000e\000t\000a\000i\000l\000e\000d\000\040\000D\000e\000s\000c\000r\000i\000p\000t\000i\000o\000n}{section.5.14}% 104
\BOOKMARK [2][-]{subsection.5.14.2}{\376\377\0005\000.\0001\0004\000.\0002\000\040\000M\000e\000m\000b\000e\000r\000\040\000F\000u\000n\000c\000t\000i\000o\000n\000\040\000D\000o\000c\000u\000m\000e\000n\000t\000a\000t\000i\000o\000n}{section.5.14}% 105
\BOOKMARK [3][-]{subsubsection.5.14.2.1}{\376\377\0005\000.\0001\0004\000.\0002\000.\0001\000\040\000A\000c\000t\000i\000v\000a\000t\000e\000\050\000\051}{subsection.5.14.2}% 106
\BOOKMARK [3][-]{subsubsection.5.14.2.2}{\376\377\0005\000.\0001\0004\000.\0002\000.\0002\000\040\000E\000x\000e\000c\000u\000t\000e\000\050\000\051}{subsection.5.14.2}% 107
\BOOKMARK [2][-]{subsection.5.14.3}{\376\377\0005\000.\0001\0004\000.\0003\000\040\000M\000e\000m\000b\000e\000r\000\040\000D\000a\000t\000a\000\040\000D\000o\000c\000u\000m\000e\000n\000t\000a\000t\000i\000o\000n}{section.5.14}% 108
\BOOKMARK [3][-]{subsubsection.5.14.3.1}{\376\377\0005\000.\0001\0004\000.\0003\000.\0001\000\040\000e\000x\000p\000l\000o\000d\000e\000d\000O\000b\000j\000e\000c\000t\000s}{subsection.5.14.3}% 109
\BOOKMARK [3][-]{subsubsection.5.14.3.2}{\376\377\0005\000.\0001\0004\000.\0003\000.\0002\000\040\000e\000x\000p\000l\000o\000s\000i\000o\000n\000A\000u\000d\000i\000o\000C\000l\000i\000p}{subsection.5.14.3}% 110
\BOOKMARK [3][-]{subsubsection.5.14.3.3}{\376\377\0005\000.\0001\0004\000.\0003\000.\0003\000\040\000e\000x\000p\000l\000o\000s\000i\000o\000n\000P\000r\000e\000f\000a\000b}{subsection.5.14.3}% 111
\BOOKMARK [3][-]{subsubsection.5.14.3.4}{\376\377\0005\000.\0001\0004\000.\0003\000.\0004\000\040\000e\000x\000p\000l\000o\000s\000i\000v\000e\000F\000o\000r\000c\000e}{subsection.5.14.3}% 112
\BOOKMARK [3][-]{subsubsection.5.14.3.5}{\376\377\0005\000.\0001\0004\000.\0003\000.\0005\000\040\000e\000x\000p\000l\000o\000s\000i\000v\000e\000R\000a\000d\000i\000u\000s}{subsection.5.14.3}% 113
\BOOKMARK [3][-]{subsubsection.5.14.3.6}{\376\377\0005\000.\0001\0004\000.\0003\000.\0006\000\040\000e\000x\000p\000l\000o\000s\000i\000v\000e\000S\000p\000r\000i\000t\000e}{subsection.5.14.3}% 114
\BOOKMARK [3][-]{subsubsection.5.14.3.7}{\376\377\0005\000.\0001\0004\000.\0003\000.\0007\000\040\000r\000e\000q\000u\000i\000r\000e\000d\000F\000o\000r\000c\000e\000T\000o\000E\000x\000p\000l\000o\000d\000e}{subsection.5.14.3}% 115
\BOOKMARK [2][-]{subsection.5.14.4}{\376\377\0005\000.\0001\0004\000.\0004\000\040\000P\000r\000o\000p\000e\000r\000t\000y\000\040\000D\000o\000c\000u\000m\000e\000n\000t\000a\000t\000i\000o\000n}{section.5.14}% 116
\BOOKMARK [3][-]{subsubsection.5.14.4.1}{\376\377\0005\000.\0001\0004\000.\0004\000.\0001\000\040\000r\000e\000a\000d\000y\000T\000o\000B\000e\000A\000c\000t\000i\000v\000a\000t\000e\000d}{subsection.5.14.4}% 117
\BOOKMARK [1][-]{section.5.15}{\376\377\0005\000.\0001\0005\000\040\000M\000u\000l\000t\000i\000S\000t\000a\000c\000k\000.\000E\000x\000p\000l\000o\000s\000i\000v\000e\000S\000h\000a\000p\000e\000M\000o\000d\000i\000f\000i\000e\000r\000\040\000C\000l\000a\000s\000s\000\040\000R\000e\000f\000e\000r\000e\000n\000c\000e}{chapter.5}% 118
\BOOKMARK [2][-]{subsection.5.15.1}{\376\377\0005\000.\0001\0005\000.\0001\000\040\000D\000e\000t\000a\000i\000l\000e\000d\000\040\000D\000e\000s\000c\000r\000i\000p\000t\000i\000o\000n}{section.5.15}% 119
\BOOKMARK [2][-]{subsection.5.15.2}{\376\377\0005\000.\0001\0005\000.\0002\000\040\000M\000e\000m\000b\000e\000r\000\040\000F\000u\000n\000c\000t\000i\000o\000n\000\040\000D\000o\000c\000u\000m\000e\000n\000t\000a\000t\000i\000o\000n}{section.5.15}% 120
\BOOKMARK [3][-]{subsubsection.5.15.2.1}{\376\377\0005\000.\0001\0005\000.\0002\000.\0001\000\040\000A\000c\000t\000i\000v\000a\000t\000e\000\050\000\051}{subsection.5.15.2}% 121
\BOOKMARK [3][-]{subsubsection.5.15.2.2}{\376\377\0005\000.\0001\0005\000.\0002\000.\0002\000\040\000C\000o\000n\000d\000i\000t\000i\000o\000n\000s\000M\000e\000t\000\050\000\051}{subsection.5.15.2}% 122
\BOOKMARK [3][-]{subsubsection.5.15.2.3}{\376\377\0005\000.\0001\0005\000.\0002\000.\0003\000\040\000D\000e\000a\000c\000t\000i\000v\000a\000t\000e\000\050\000\051}{subsection.5.15.2}% 123
\BOOKMARK [1][-]{section.5.16}{\376\377\0005\000.\0001\0006\000\040\000M\000u\000l\000t\000i\000S\000t\000a\000c\000k\000.\000F\000a\000l\000l\000H\000a\000n\000d\000l\000e\000r\000\040\000C\000l\000a\000s\000s\000\040\000R\000e\000f\000e\000r\000e\000n\000c\000e}{chapter.5}% 124
\BOOKMARK [2][-]{subsection.5.16.1}{\376\377\0005\000.\0001\0006\000.\0001\000\040\000D\000e\000t\000a\000i\000l\000e\000d\000\040\000D\000e\000s\000c\000r\000i\000p\000t\000i\000o\000n}{section.5.16}% 125
\BOOKMARK [2][-]{subsection.5.16.2}{\376\377\0005\000.\0001\0006\000.\0002\000\040\000M\000e\000m\000b\000e\000r\000\040\000D\000a\000t\000a\000\040\000D\000o\000c\000u\000m\000e\000n\000t\000a\000t\000i\000o\000n}{section.5.16}% 126
\BOOKMARK [3][-]{subsubsection.5.16.2.1}{\376\377\0005\000.\0001\0006\000.\0002\000.\0001\000\040\000b\000o\000x\000M\000a\000s\000k}{subsection.5.16.2}% 127
\BOOKMARK [3][-]{subsubsection.5.16.2.2}{\376\377\0005\000.\0001\0006\000.\0002\000.\0002\000\040\000p\000a\000n\000S\000p\000e\000e\000d}{subsection.5.16.2}% 128
\BOOKMARK [3][-]{subsubsection.5.16.2.3}{\376\377\0005\000.\0001\0006\000.\0002\000.\0003\000\040\000r\000e\000q\000u\000i\000r\000e\000d\000R\000i\000g\000i\000d\000B\000o\000d\000y\000Y\000V\000e\000l\000o\000c\000i\000t\000y}{subsection.5.16.2}% 129
\BOOKMARK [1][-]{section.5.17}{\376\377\0005\000.\0001\0007\000\040\000M\000u\000l\000t\000i\000S\000t\000a\000c\000k\000.\000G\000a\000m\000e\000M\000a\000n\000a\000g\000e\000r\000\040\000C\000l\000a\000s\000s\000\040\000R\000e\000f\000e\000r\000e\000n\000c\000e}{chapter.5}% 130
\BOOKMARK [2][-]{subsection.5.17.1}{\376\377\0005\000.\0001\0007\000.\0001\000\040\000D\000e\000t\000a\000i\000l\000e\000d\000\040\000D\000e\000s\000c\000r\000i\000p\000t\000i\000o\000n}{section.5.17}% 131
\BOOKMARK [2][-]{subsection.5.17.2}{\376\377\0005\000.\0001\0007\000.\0002\000\040\000M\000e\000m\000b\000e\000r\000\040\000F\000u\000n\000c\000t\000i\000o\000n\000\040\000D\000o\000c\000u\000m\000e\000n\000t\000a\000t\000i\000o\000n}{section.5.17}% 132
\BOOKMARK [3][-]{subsubsection.5.17.2.1}{\376\377\0005\000.\0001\0007\000.\0002\000.\0001\000\040\000O\000n\000G\000a\000m\000e\000O\000v\000e\000r\000\050\000G\000a\000m\000e\000O\000v\000e\000r\000T\000y\000p\000e\000\040\000g\000a\000m\000e\000O\000v\000e\000r\000T\000y\000p\000e\000=\000G\000a\000m\000e\000O\000v\000e\000r\000T\000y\000p\000e\000.\000S\000h\000a\000p\000e\000O\000f\000f\000S\000c\000r\000e\000e\000n\000\051}{subsection.5.17.2}% 133
\BOOKMARK [3][-]{subsubsection.5.17.2.2}{\376\377\0005\000.\0001\0007\000.\0002\000.\0002\000\040\000O\000n\000R\000o\000u\000n\000d\000O\000v\000e\000r\000\050\000\051}{subsection.5.17.2}% 134
\BOOKMARK [2][-]{subsection.5.17.3}{\376\377\0005\000.\0001\0007\000.\0003\000\040\000M\000e\000m\000b\000e\000r\000\040\000D\000a\000t\000a\000\040\000D\000o\000c\000u\000m\000e\000n\000t\000a\000t\000i\000o\000n}{section.5.17}% 135
\BOOKMARK [3][-]{subsubsection.5.17.3.1}{\376\377\0005\000.\0001\0007\000.\0003\000.\0001\000\040\000g\000a\000m\000e\000M\000o\000d\000i\000f\000i\000e\000r\000M\000a\000n\000a\000g\000e\000r}{subsection.5.17.3}% 136
\BOOKMARK [3][-]{subsubsection.5.17.3.2}{\376\377\0005\000.\0001\0007\000.\0003\000.\0002\000\040\000g\000a\000m\000e\000O\000v\000e\000r\000U\000I}{subsection.5.17.3}% 137
\BOOKMARK [3][-]{subsubsection.5.17.3.3}{\376\377\0005\000.\0001\0007\000.\0003\000.\0003\000\040\000i\000n\000f\000o\000T\000e\000x\000t}{subsection.5.17.3}% 138
\BOOKMARK [3][-]{subsubsection.5.17.3.4}{\376\377\0005\000.\0001\0007\000.\0003\000.\0004\000\040\000s\000t\000a\000g\000e\000S\000e\000l\000e\000c\000t\000o\000r}{subsection.5.17.3}% 139
\BOOKMARK [3][-]{subsubsection.5.17.3.5}{\376\377\0005\000.\0001\0007\000.\0003\000.\0005\000\040\000u\000i\000F\000l\000a\000s\000h}{subsection.5.17.3}% 140
\BOOKMARK [2][-]{subsection.5.17.4}{\376\377\0005\000.\0001\0007\000.\0004\000\040\000P\000r\000o\000p\000e\000r\000t\000y\000\040\000D\000o\000c\000u\000m\000e\000n\000t\000a\000t\000i\000o\000n}{section.5.17}% 141
\BOOKMARK [3][-]{subsubsection.5.17.4.1}{\376\377\0005\000.\0001\0007\000.\0004\000.\0001\000\040\000i\000n\000s\000t\000a\000n\000c\000e}{subsection.5.17.4}% 142
\BOOKMARK [3][-]{subsubsection.5.17.4.2}{\376\377\0005\000.\0001\0007\000.\0004\000.\0002\000\040\000i\000s\000G\000a\000m\000e\000O\000v\000e\000r}{subsection.5.17.4}% 143
\BOOKMARK [1][-]{section.5.18}{\376\377\0005\000.\0001\0008\000\040\000M\000u\000l\000t\000i\000S\000t\000a\000c\000k\000.\000G\000a\000m\000e\000M\000o\000d\000i\000f\000i\000e\000r\000\040\000C\000l\000a\000s\000s\000\040\000R\000e\000f\000e\000r\000e\000n\000c\000e}{chapter.5}% 144
\BOOKMARK [2][-]{subsection.5.18.1}{\376\377\0005\000.\0001\0008\000.\0001\000\040\000D\000e\000t\000a\000i\000l\000e\000d\000\040\000D\000e\000s\000c\000r\000i\000p\000t\000i\000o\000n}{section.5.18}% 145
\BOOKMARK [2][-]{subsection.5.18.2}{\376\377\0005\000.\0001\0008\000.\0002\000\040\000M\000e\000m\000b\000e\000r\000\040\000F\000u\000n\000c\000t\000i\000o\000n\000\040\000D\000o\000c\000u\000m\000e\000n\000t\000a\000t\000i\000o\000n}{section.5.18}% 146
\BOOKMARK [3][-]{subsubsection.5.18.2.1}{\376\377\0005\000.\0001\0008\000.\0002\000.\0001\000\040\000A\000c\000t\000i\000v\000a\000t\000e\000\050\000\051}{subsection.5.18.2}% 147
\BOOKMARK [3][-]{subsubsection.5.18.2.2}{\376\377\0005\000.\0001\0008\000.\0002\000.\0002\000\040\000C\000o\000n\000d\000i\000t\000i\000o\000n\000s\000M\000e\000t\000\050\000\051}{subsection.5.18.2}% 148
\BOOKMARK [3][-]{subsubsection.5.18.2.3}{\376\377\0005\000.\0001\0008\000.\0002\000.\0003\000\040\000D\000e\000a\000c\000t\000i\000v\000a\000t\000e\000\050\000\051}{subsection.5.18.2}% 149
\BOOKMARK [2][-]{subsection.5.18.3}{\376\377\0005\000.\0001\0008\000.\0003\000\040\000M\000e\000m\000b\000e\000r\000\040\000D\000a\000t\000a\000\040\000D\000o\000c\000u\000m\000e\000n\000t\000a\000t\000i\000o\000n}{section.5.18}% 150
\BOOKMARK [3][-]{subsubsection.5.18.3.1}{\376\377\0005\000.\0001\0008\000.\0003\000.\0001\000\040\000I\000s\000E\000n\000a\000b\000l\000e\000d}{subsection.5.18.3}% 151
\BOOKMARK [3][-]{subsubsection.5.18.3.2}{\376\377\0005\000.\0001\0008\000.\0003\000.\0002\000\040\000m\000o\000d\000i\000f\000i\000e\000r\000N\000a\000m\000e}{subsection.5.18.3}% 152
\BOOKMARK [1][-]{section.5.19}{\376\377\0005\000.\0001\0009\000\040\000M\000u\000l\000t\000i\000S\000t\000a\000c\000k\000.\000G\000a\000m\000e\000M\000o\000d\000i\000f\000i\000e\000r\000M\000a\000n\000a\000g\000e\000r\000\040\000C\000l\000a\000s\000s\000\040\000R\000e\000f\000e\000r\000e\000n\000c\000e}{chapter.5}% 153
\BOOKMARK [2][-]{subsection.5.19.1}{\376\377\0005\000.\0001\0009\000.\0001\000\040\000D\000e\000t\000a\000i\000l\000e\000d\000\040\000D\000e\000s\000c\000r\000i\000p\000t\000i\000o\000n}{section.5.19}% 154
\BOOKMARK [2][-]{subsection.5.19.2}{\376\377\0005\000.\0001\0009\000.\0002\000\040\000M\000e\000m\000b\000e\000r\000\040\000F\000u\000n\000c\000t\000i\000o\000n\000\040\000D\000o\000c\000u\000m\000e\000n\000t\000a\000t\000i\000o\000n}{section.5.19}% 155
\BOOKMARK [3][-]{subsubsection.5.19.2.1}{\376\377\0005\000.\0001\0009\000.\0002\000.\0001\000\040\000A\000p\000p\000l\000y\000N\000e\000w\000M\000o\000d\000i\000f\000i\000e\000r\000\050\000\051}{subsection.5.19.2}% 156
\BOOKMARK [1][-]{section.5.20}{\376\377\0005\000.\0002\0000\000\040\000M\000u\000l\000t\000i\000S\000t\000a\000c\000k\000.\000G\000a\000m\000e\000O\000v\000e\000r\000H\000a\000n\000d\000l\000e\000r\000\040\000C\000l\000a\000s\000s\000\040\000R\000e\000f\000e\000r\000e\000n\000c\000e}{chapter.5}% 157
\BOOKMARK [2][-]{subsection.5.20.1}{\376\377\0005\000.\0002\0000\000.\0001\000\040\000D\000e\000t\000a\000i\000l\000e\000d\000\040\000D\000e\000s\000c\000r\000i\000p\000t\000i\000o\000n}{section.5.20}% 158
\BOOKMARK [1][-]{section.5.21}{\376\377\0005\000.\0002\0001\000\040\000M\000u\000l\000t\000i\000S\000t\000a\000c\000k\000.\000G\000a\000m\000e\000O\000v\000e\000r\000U\000I\000\040\000C\000l\000a\000s\000s\000\040\000R\000e\000f\000e\000r\000e\000n\000c\000e}{chapter.5}% 159
\BOOKMARK [2][-]{subsection.5.21.1}{\376\377\0005\000.\0002\0001\000.\0001\000\040\000D\000e\000t\000a\000i\000l\000e\000d\000\040\000D\000e\000s\000c\000r\000i\000p\000t\000i\000o\000n}{section.5.21}% 160
\BOOKMARK [2][-]{subsection.5.21.2}{\376\377\0005\000.\0002\0001\000.\0002\000\040\000M\000e\000m\000b\000e\000r\000\040\000F\000u\000n\000c\000t\000i\000o\000n\000\040\000D\000o\000c\000u\000m\000e\000n\000t\000a\000t\000i\000o\000n}{section.5.21}% 161
\BOOKMARK [3][-]{subsubsection.5.21.2.1}{\376\377\0005\000.\0002\0001\000.\0002\000.\0001\000\040\000A\000c\000t\000i\000v\000a\000t\000e\000\050\000\051}{subsection.5.21.2}% 162
\BOOKMARK [3][-]{subsubsection.5.21.2.2}{\376\377\0005\000.\0002\0001\000.\0002\000.\0002\000\040\000R\000e\000s\000t\000a\000r\000t\000S\000c\000e\000n\000e\000\050\000\051}{subsection.5.21.2}% 163
\BOOKMARK [3][-]{subsubsection.5.21.2.3}{\376\377\0005\000.\0002\0001\000.\0002\000.\0003\000\040\000R\000e\000t\000u\000r\000n\000T\000o\000M\000a\000i\000n\000M\000e\000n\000u\000\050\000\051}{subsection.5.21.2}% 164
\BOOKMARK [2][-]{subsection.5.21.3}{\376\377\0005\000.\0002\0001\000.\0003\000\040\000M\000e\000m\000b\000e\000r\000\040\000D\000a\000t\000a\000\040\000D\000o\000c\000u\000m\000e\000n\000t\000a\000t\000i\000o\000n}{section.5.21}% 165
\BOOKMARK [3][-]{subsubsection.5.21.3.1}{\376\377\0005\000.\0002\0001\000.\0003\000.\0001\000\040\000h\000e\000i\000g\000h\000t\000R\000e\000a\000c\000h\000e\000d\000T\000e\000x\000t}{subsection.5.21.3}% 166
\BOOKMARK [3][-]{subsubsection.5.21.3.2}{\376\377\0005\000.\0002\0001\000.\0003\000.\0002\000\040\000h\000e\000i\000g\000h\000t\000R\000e\000a\000c\000h\000e\000d\000T\000i\000t\000l\000e}{subsection.5.21.3}% 167
\BOOKMARK [3][-]{subsubsection.5.21.3.3}{\376\377\0005\000.\0002\0001\000.\0003\000.\0003\000\040\000m\000a\000i\000n\000M\000e\000n\000u\000B\000u\000t\000t\000o\000n}{subsection.5.21.3}% 168
\BOOKMARK [3][-]{subsubsection.5.21.3.4}{\376\377\0005\000.\0002\0001\000.\0003\000.\0004\000\040\000n\000e\000w\000R\000e\000c\000o\000r\000d}{subsection.5.21.3}% 169
\BOOKMARK [3][-]{subsubsection.5.21.3.5}{\376\377\0005\000.\0002\0001\000.\0003\000.\0005\000\040\000n\000o\000n\000G\000a\000m\000e\000o\000v\000e\000r\000U\000I\000T\000e\000x\000t}{subsection.5.21.3}% 170
\BOOKMARK [3][-]{subsubsection.5.21.3.6}{\376\377\0005\000.\0002\0001\000.\0003\000.\0006\000\040\000p\000l\000a\000y\000e\000r\000L\000o\000s\000t\000T\000e\000x\000t}{subsection.5.21.3}% 171
\BOOKMARK [3][-]{subsubsection.5.21.3.7}{\376\377\0005\000.\0002\0001\000.\0003\000.\0007\000\040\000p\000l\000a\000y\000e\000r\000L\000o\000s\000t\000T\000i\000t\000l\000e}{subsection.5.21.3}% 172
\BOOKMARK [3][-]{subsubsection.5.21.3.8}{\376\377\0005\000.\0002\0001\000.\0003\000.\0008\000\040\000r\000e\000s\000t\000a\000r\000t\000B\000u\000t\000t\000o\000n}{subsection.5.21.3}% 173
\BOOKMARK [3][-]{subsubsection.5.21.3.9}{\376\377\0005\000.\0002\0001\000.\0003\000.\0009\000\040\000r\000o\000u\000n\000d\000s\000R\000e\000a\000c\000h\000e\000d\000T\000e\000x\000t}{subsection.5.21.3}% 174
\BOOKMARK [3][-]{subsubsection.5.21.3.10}{\376\377\0005\000.\0002\0001\000.\0003\000.\0001\0000\000\040\000r\000o\000u\000n\000d\000s\000R\000e\000a\000c\000h\000e\000d\000T\000i\000t\000l\000e}{subsection.5.21.3}% 175
\BOOKMARK [3][-]{subsubsection.5.21.3.11}{\376\377\0005\000.\0002\0001\000.\0003\000.\0001\0001\000\040\000t\000i\000t\000l\000e}{subsection.5.21.3}% 176
\BOOKMARK [1][-]{section.5.22}{\376\377\0005\000.\0002\0002\000\040\000M\000u\000l\000t\000i\000S\000t\000a\000c\000k\000.\000G\000a\000m\000e\000T\000e\000x\000t\000\040\000C\000l\000a\000s\000s\000\040\000R\000e\000f\000e\000r\000e\000n\000c\000e}{chapter.5}% 177
\BOOKMARK [2][-]{subsection.5.22.1}{\376\377\0005\000.\0002\0002\000.\0001\000\040\000D\000e\000t\000a\000i\000l\000e\000d\000\040\000D\000e\000s\000c\000r\000i\000p\000t\000i\000o\000n}{section.5.22}% 178
\BOOKMARK [2][-]{subsection.5.22.2}{\376\377\0005\000.\0002\0002\000.\0002\000\040\000M\000e\000m\000b\000e\000r\000\040\000F\000u\000n\000c\000t\000i\000o\000n\000\040\000D\000o\000c\000u\000m\000e\000n\000t\000a\000t\000i\000o\000n}{section.5.22}% 179
\BOOKMARK [3][-]{subsubsection.5.22.2.1}{\376\377\0005\000.\0002\0002\000.\0002\000.\0001\000\040\000C\000h\000a\000n\000g\000e\000F\000o\000n\000t\000C\000o\000l\000o\000u\000r\000\050\000C\000o\000l\000o\000r\000\040\000c\000o\000l\000o\000u\000r\000\051}{subsection.5.22.2}% 180
\BOOKMARK [3][-]{subsubsection.5.22.2.2}{\376\377\0005\000.\0002\0002\000.\0002\000.\0002\000\040\000H\000i\000d\000e\000T\000e\000x\000t\000\050\000\051}{subsection.5.22.2}% 181
\BOOKMARK [3][-]{subsubsection.5.22.2.3}{\376\377\0005\000.\0002\0002\000.\0002\000.\0003\000\040\000H\000i\000d\000e\000T\000e\000x\000t\000A\000f\000t\000e\000r\000T\000i\000m\000e\000\050\000f\000l\000o\000a\000t\000\040\000s\000e\000c\000o\000n\000d\000s\000\051}{subsection.5.22.2}% 182
\BOOKMARK [3][-]{subsubsection.5.22.2.4}{\376\377\0005\000.\0002\0002\000.\0002\000.\0004\000\040\000U\000p\000d\000a\000t\000e\000T\000e\000x\000t\000\050\000s\000t\000r\000i\000n\000g\000\040\000m\000s\000g\000,\000\040\000C\000o\000l\000o\000r\000\040\000c\000o\000l\000o\000u\000r\000\051}{subsection.5.22.2}% 183
\BOOKMARK [3][-]{subsubsection.5.22.2.5}{\376\377\0005\000.\0002\0002\000.\0002\000.\0005\000\040\000U\000p\000d\000a\000t\000e\000T\000e\000x\000t\000\050\000s\000t\000r\000i\000n\000g\000\040\000m\000s\000g\000\051}{subsection.5.22.2}% 184
\BOOKMARK [2][-]{subsection.5.22.3}{\376\377\0005\000.\0002\0002\000.\0003\000\040\000M\000e\000m\000b\000e\000r\000\040\000D\000a\000t\000a\000\040\000D\000o\000c\000u\000m\000e\000n\000t\000a\000t\000i\000o\000n}{section.5.22}% 185
\BOOKMARK [3][-]{subsubsection.5.22.3.1}{\376\377\0005\000.\0002\0002\000.\0003\000.\0001\000\040\000c\000l\000e\000a\000r\000O\000n\000S\000t\000a\000r\000t}{subsection.5.22.3}% 186
\BOOKMARK [2][-]{subsection.5.22.4}{\376\377\0005\000.\0002\0002\000.\0004\000\040\000P\000r\000o\000p\000e\000r\000t\000y\000\040\000D\000o\000c\000u\000m\000e\000n\000t\000a\000t\000i\000o\000n}{section.5.22}% 187
\BOOKMARK [3][-]{subsubsection.5.22.4.1}{\376\377\0005\000.\0002\0002\000.\0004\000.\0001\000\040\000t\000e\000x\000t}{subsection.5.22.4}% 188
\BOOKMARK [1][-]{section.5.23}{\376\377\0005\000.\0002\0003\000\040\000M\000u\000l\000t\000i\000S\000t\000a\000c\000k\000.\000G\000l\000a\000s\000s\000O\000b\000j\000e\000c\000t\000\040\000C\000l\000a\000s\000s\000\040\000R\000e\000f\000e\000r\000e\000n\000c\000e}{chapter.5}% 189
\BOOKMARK [2][-]{subsection.5.23.1}{\376\377\0005\000.\0002\0003\000.\0001\000\040\000D\000e\000t\000a\000i\000l\000e\000d\000\040\000D\000e\000s\000c\000r\000i\000p\000t\000i\000o\000n}{section.5.23}% 190
\BOOKMARK [2][-]{subsection.5.23.2}{\376\377\0005\000.\0002\0003\000.\0002\000\040\000M\000e\000m\000b\000e\000r\000\040\000F\000u\000n\000c\000t\000i\000o\000n\000\040\000D\000o\000c\000u\000m\000e\000n\000t\000a\000t\000i\000o\000n}{section.5.23}% 191
\BOOKMARK [3][-]{subsubsection.5.23.2.1}{\376\377\0005\000.\0002\0003\000.\0002\000.\0001\000\040\000A\000c\000t\000i\000v\000a\000t\000e\000\050\000\051}{subsection.5.23.2}% 192
\BOOKMARK [2][-]{subsection.5.23.3}{\376\377\0005\000.\0002\0003\000.\0003\000\040\000M\000e\000m\000b\000e\000r\000\040\000D\000a\000t\000a\000\040\000D\000o\000c\000u\000m\000e\000n\000t\000a\000t\000i\000o\000n}{section.5.23}% 193
\BOOKMARK [3][-]{subsubsection.5.23.3.1}{\376\377\0005\000.\0002\0003\000.\0003\000.\0001\000\040\000b\000o\000x\000M\000a\000s\000k}{subsection.5.23.3}% 194
\BOOKMARK [3][-]{subsubsection.5.23.3.2}{\376\377\0005\000.\0002\0003\000.\0003\000.\0002\000\040\000b\000r\000o\000k\000e\000n\000S\000t\000a\000g\000e\000s}{subsection.5.23.3}% 195
\BOOKMARK [3][-]{subsubsection.5.23.3.3}{\376\377\0005\000.\0002\0003\000.\0003\000.\0003\000\040\000c\000r\000a\000c\000k\000e\000d\000A\000u\000d\000i\000o\000C\000l\000i\000p}{subsection.5.23.3}% 196
\BOOKMARK [3][-]{subsubsection.5.23.3.4}{\376\377\0005\000.\0002\0003\000.\0003\000.\0004\000\040\000i\000n\000i\000t\000i\000a\000l\000G\000l\000a\000s\000s\000S\000p\000r\000i\000t\000e}{subsection.5.23.3}% 197
\BOOKMARK [3][-]{subsubsection.5.23.3.5}{\376\377\0005\000.\0002\0003\000.\0003\000.\0005\000\040\000r\000e\000q\000u\000i\000r\000e\000d\000F\000o\000r\000c\000e\000T\000o\000C\000r\000a\000c\000k}{subsection.5.23.3}% 198
\BOOKMARK [3][-]{subsubsection.5.23.3.6}{\376\377\0005\000.\0002\0003\000.\0003\000.\0006\000\040\000r\000e\000q\000u\000i\000r\000e\000d\000M\000a\000s\000s\000T\000o\000C\000r\000a\000c\000k}{subsection.5.23.3}% 199
\BOOKMARK [3][-]{subsubsection.5.23.3.7}{\376\377\0005\000.\0002\0003\000.\0003\000.\0007\000\040\000s\000m\000a\000s\000h\000e\000d\000A\000u\000d\000i\000o\000C\000l\000i\000p}{subsection.5.23.3}% 200
\BOOKMARK [3][-]{subsubsection.5.23.3.8}{\376\377\0005\000.\0002\0003\000.\0003\000.\0008\000\040\000s\000m\000a\000s\000h\000e\000d\000O\000b\000j\000e\000c\000t\000P\000r\000e\000f\000a\000b\000s}{subsection.5.23.3}% 201
\BOOKMARK [2][-]{subsection.5.23.4}{\376\377\0005\000.\0002\0003\000.\0004\000\040\000P\000r\000o\000p\000e\000r\000t\000y\000\040\000D\000o\000c\000u\000m\000e\000n\000t\000a\000t\000i\000o\000n}{section.5.23}% 202
\BOOKMARK [3][-]{subsubsection.5.23.4.1}{\376\377\0005\000.\0002\0003\000.\0004\000.\0001\000\040\000r\000e\000a\000d\000y\000T\000o\000B\000e\000A\000c\000t\000i\000v\000a\000t\000e\000d}{subsection.5.23.4}% 203
\BOOKMARK [1][-]{section.5.24}{\376\377\0005\000.\0002\0004\000\040\000M\000u\000l\000t\000i\000S\000t\000a\000c\000k\000.\000G\000l\000a\000s\000s\000S\000h\000a\000p\000e\000M\000o\000d\000i\000f\000i\000e\000r\000\040\000C\000l\000a\000s\000s\000\040\000R\000e\000f\000e\000r\000e\000n\000c\000e}{chapter.5}% 204
\BOOKMARK [2][-]{subsection.5.24.1}{\376\377\0005\000.\0002\0004\000.\0001\000\040\000D\000e\000t\000a\000i\000l\000e\000d\000\040\000D\000e\000s\000c\000r\000i\000p\000t\000i\000o\000n}{section.5.24}% 205
\BOOKMARK [2][-]{subsection.5.24.2}{\376\377\0005\000.\0002\0004\000.\0002\000\040\000M\000e\000m\000b\000e\000r\000\040\000F\000u\000n\000c\000t\000i\000o\000n\000\040\000D\000o\000c\000u\000m\000e\000n\000t\000a\000t\000i\000o\000n}{section.5.24}% 206
\BOOKMARK [3][-]{subsubsection.5.24.2.1}{\376\377\0005\000.\0002\0004\000.\0002\000.\0001\000\040\000A\000c\000t\000i\000v\000a\000t\000e\000\050\000\051}{subsection.5.24.2}% 207
\BOOKMARK [3][-]{subsubsection.5.24.2.2}{\376\377\0005\000.\0002\0004\000.\0002\000.\0002\000\040\000C\000o\000n\000d\000i\000t\000i\000o\000n\000s\000M\000e\000t\000\050\000\051}{subsection.5.24.2}% 208
\BOOKMARK [3][-]{subsubsection.5.24.2.3}{\376\377\0005\000.\0002\0004\000.\0002\000.\0003\000\040\000D\000e\000a\000c\000t\000i\000v\000a\000t\000e\000\050\000\051}{subsection.5.24.2}% 209
\BOOKMARK [1][-]{section.5.25}{\376\377\0005\000.\0002\0005\000\040\000M\000u\000l\000t\000i\000S\000t\000a\000c\000k\000.\000G\000r\000a\000v\000i\000t\000y\000M\000o\000d\000i\000f\000i\000e\000r\000\040\000C\000l\000a\000s\000s\000\040\000R\000e\000f\000e\000r\000e\000n\000c\000e}{chapter.5}% 210
\BOOKMARK [2][-]{subsection.5.25.1}{\376\377\0005\000.\0002\0005\000.\0001\000\040\000D\000e\000t\000a\000i\000l\000e\000d\000\040\000D\000e\000s\000c\000r\000i\000p\000t\000i\000o\000n}{section.5.25}% 211
\BOOKMARK [2][-]{subsection.5.25.2}{\376\377\0005\000.\0002\0005\000.\0002\000\040\000M\000e\000m\000b\000e\000r\000\040\000F\000u\000n\000c\000t\000i\000o\000n\000\040\000D\000o\000c\000u\000m\000e\000n\000t\000a\000t\000i\000o\000n}{section.5.25}% 212
\BOOKMARK [3][-]{subsubsection.5.25.2.1}{\376\377\0005\000.\0002\0005\000.\0002\000.\0001\000\040\000A\000c\000t\000i\000v\000a\000t\000e\000\050\000\051}{subsection.5.25.2}% 213
\BOOKMARK [3][-]{subsubsection.5.25.2.2}{\376\377\0005\000.\0002\0005\000.\0002\000.\0002\000\040\000D\000e\000a\000c\000t\000i\000v\000a\000t\000e\000\050\000\051}{subsection.5.25.2}% 214
\BOOKMARK [2][-]{subsection.5.25.3}{\376\377\0005\000.\0002\0005\000.\0003\000\040\000M\000e\000m\000b\000e\000r\000\040\000D\000a\000t\000a\000\040\000D\000o\000c\000u\000m\000e\000n\000t\000a\000t\000i\000o\000n}{section.5.25}% 215
\BOOKMARK [3][-]{subsubsection.5.25.3.1}{\376\377\0005\000.\0002\0005\000.\0003\000.\0001\000\040\000g\000r\000a\000v\000i\000t\000y\000M\000o\000d\000i\000f\000i\000e\000r}{subsection.5.25.3}% 216
\BOOKMARK [1][-]{section.5.26}{\376\377\0005\000.\0002\0006\000\040\000M\000u\000l\000t\000i\000S\000t\000a\000c\000k\000.\000H\000e\000i\000g\000h\000t\000T\000e\000x\000t\000\040\000C\000l\000a\000s\000s\000\040\000R\000e\000f\000e\000r\000e\000n\000c\000e}{chapter.5}% 217
\BOOKMARK [2][-]{subsection.5.26.1}{\376\377\0005\000.\0002\0006\000.\0001\000\040\000D\000e\000t\000a\000i\000l\000e\000d\000\040\000D\000e\000s\000c\000r\000i\000p\000t\000i\000o\000n}{section.5.26}% 218
\BOOKMARK [1][-]{section.5.27}{\376\377\0005\000.\0002\0007\000\040\000M\000u\000l\000t\000i\000S\000t\000a\000c\000k\000.\000H\000i\000g\000h\000s\000c\000o\000r\000e\000\040\000C\000l\000a\000s\000s\000\040\000R\000e\000f\000e\000r\000e\000n\000c\000e}{chapter.5}% 219
\BOOKMARK [2][-]{subsection.5.27.1}{\376\377\0005\000.\0002\0007\000.\0001\000\040\000D\000e\000t\000a\000i\000l\000e\000d\000\040\000D\000e\000s\000c\000r\000i\000p\000t\000i\000o\000n}{section.5.27}% 220
\BOOKMARK [1][-]{section.5.28}{\376\377\0005\000.\0002\0008\000\040\000M\000u\000l\000t\000i\000S\000t\000a\000c\000k\000.\000I\000n\000c\000r\000e\000a\000s\000e\000S\000h\000a\000p\000e\000S\000i\000z\000e\000W\000h\000i\000l\000e\000H\000e\000l\000d\000M\000o\000d\000i\000f\000i\000e\000r\000\040\000C\000l\000a\000s\000s\000\040\000R\000e\000f\000e\000r\000e\000n\000c\000e}{chapter.5}% 221
\BOOKMARK [2][-]{subsection.5.28.1}{\376\377\0005\000.\0002\0008\000.\0001\000\040\000D\000e\000t\000a\000i\000l\000e\000d\000\040\000D\000e\000s\000c\000r\000i\000p\000t\000i\000o\000n}{section.5.28}% 222
\BOOKMARK [2][-]{subsection.5.28.2}{\376\377\0005\000.\0002\0008\000.\0002\000\040\000M\000e\000m\000b\000e\000r\000\040\000F\000u\000n\000c\000t\000i\000o\000n\000\040\000D\000o\000c\000u\000m\000e\000n\000t\000a\000t\000i\000o\000n}{section.5.28}% 223
\BOOKMARK [3][-]{subsubsection.5.28.2.1}{\376\377\0005\000.\0002\0008\000.\0002\000.\0001\000\040\000A\000c\000t\000i\000v\000a\000t\000e\000\050\000\051}{subsection.5.28.2}% 224
\BOOKMARK [3][-]{subsubsection.5.28.2.2}{\376\377\0005\000.\0002\0008\000.\0002\000.\0002\000\040\000D\000e\000a\000c\000t\000i\000v\000a\000t\000e\000\050\000\051}{subsection.5.28.2}% 225
\BOOKMARK [1][-]{section.5.29}{\376\377\0005\000.\0002\0009\000\040\000M\000u\000l\000t\000i\000S\000t\000a\000c\000k\000.\000M\000a\000i\000n\000M\000e\000n\000u\000\040\000C\000l\000a\000s\000s\000\040\000R\000e\000f\000e\000r\000e\000n\000c\000e}{chapter.5}% 226
\BOOKMARK [2][-]{subsection.5.29.1}{\376\377\0005\000.\0002\0009\000.\0001\000\040\000D\000e\000t\000a\000i\000l\000e\000d\000\040\000D\000e\000s\000c\000r\000i\000p\000t\000i\000o\000n}{section.5.29}% 227
\BOOKMARK [2][-]{subsection.5.29.2}{\376\377\0005\000.\0002\0009\000.\0002\000\040\000M\000e\000m\000b\000e\000r\000\040\000F\000u\000n\000c\000t\000i\000o\000n\000\040\000D\000o\000c\000u\000m\000e\000n\000t\000a\000t\000i\000o\000n}{section.5.29}% 228
\BOOKMARK [3][-]{subsubsection.5.29.2.1}{\376\377\0005\000.\0002\0009\000.\0002\000.\0001\000\040\000P\000l\000a\000y\000B\000u\000t\000t\000o\000n\000P\000r\000e\000s\000s\000e\000d\000\050\000\051}{subsection.5.29.2}% 229
\BOOKMARK [3][-]{subsubsection.5.29.2.2}{\376\377\0005\000.\0002\0009\000.\0002\000.\0002\000\040\000P\000l\000a\000y\000e\000r\000B\000o\000x\000P\000l\000a\000c\000e\000d\000\050\000\051}{subsection.5.29.2}% 230
\BOOKMARK [3][-]{subsubsection.5.29.2.3}{\376\377\0005\000.\0002\0009\000.\0002\000.\0003\000\040\000P\000l\000a\000y\000e\000r\000B\000o\000x\000R\000e\000m\000o\000v\000e\000d\000\050\000\051}{subsection.5.29.2}% 231
\BOOKMARK [2][-]{subsection.5.29.3}{\376\377\0005\000.\0002\0009\000.\0003\000\040\000M\000e\000m\000b\000e\000r\000\040\000D\000a\000t\000a\000\040\000D\000o\000c\000u\000m\000e\000n\000t\000a\000t\000i\000o\000n}{section.5.29}% 232
\BOOKMARK [3][-]{subsubsection.5.29.3.1}{\376\377\0005\000.\0002\0009\000.\0003\000.\0001\000\040\000n\000u\000m\000O\000f\000P\000l\000a\000y\000e\000r\000s\000T\000e\000x\000t}{subsection.5.29.3}% 233
\BOOKMARK [3][-]{subsubsection.5.29.3.2}{\376\377\0005\000.\0002\0009\000.\0003\000.\0002\000\040\000o\000t\000h\000e\000r\000T\000e\000x\000t}{subsection.5.29.3}% 234
\BOOKMARK [3][-]{subsubsection.5.29.3.3}{\376\377\0005\000.\0002\0009\000.\0003\000.\0003\000\040\000p\000l\000a\000y\000B\000u\000t\000t\000o\000n}{subsection.5.29.3}% 235
\BOOKMARK [3][-]{subsubsection.5.29.3.4}{\376\377\0005\000.\0002\0009\000.\0003\000.\0004\000\040\000p\000l\000a\000y\000e\000r\000B\000o\000x\000P\000r\000e\000f\000a\000b}{subsection.5.29.3}% 236
\BOOKMARK [3][-]{subsubsection.5.29.3.5}{\376\377\0005\000.\0002\0009\000.\0003\000.\0005\000\040\000p\000l\000a\000y\000e\000r\000B\000o\000x\000S\000p\000a\000w\000n\000L\000o\000c\000a\000t\000i\000o\000n\000s}{subsection.5.29.3}% 237
\BOOKMARK [3][-]{subsubsection.5.29.3.6}{\376\377\0005\000.\0002\0009\000.\0003\000.\0006\000\040\000t\000i\000t\000l\000e\000T\000e\000x\000t}{subsection.5.29.3}% 238
\BOOKMARK [1][-]{section.5.30}{\376\377\0005\000.\0003\0000\000\040\000M\000u\000l\000t\000i\000S\000t\000a\000c\000k\000.\000M\000o\000v\000e\000T\000i\000m\000e\000\040\000C\000l\000a\000s\000s\000\040\000R\000e\000f\000e\000r\000e\000n\000c\000e}{chapter.5}% 239
\BOOKMARK [2][-]{subsection.5.30.1}{\376\377\0005\000.\0003\0000\000.\0001\000\040\000D\000e\000t\000a\000i\000l\000e\000d\000\040\000D\000e\000s\000c\000r\000i\000p\000t\000i\000o\000n}{section.5.30}% 240
\BOOKMARK [2][-]{subsection.5.30.2}{\376\377\0005\000.\0003\0000\000.\0002\000\040\000M\000e\000m\000b\000e\000r\000\040\000D\000a\000t\000a\000\040\000D\000o\000c\000u\000m\000e\000n\000t\000a\000t\000i\000o\000n}{section.5.30}% 241
\BOOKMARK [3][-]{subsubsection.5.30.2.1}{\376\377\0005\000.\0003\0000\000.\0002\000.\0001\000\040\000l\000o\000w\000O\000n\000T\000i\000m\000e\000T\000h\000r\000e\000s\000h\000o\000l\000d}{subsection.5.30.2}% 242
\BOOKMARK [3][-]{subsubsection.5.30.2.2}{\376\377\0005\000.\0003\0000\000.\0002\000.\0002\000\040\000l\000o\000w\000T\000i\000m\000e\000T\000e\000x\000t\000C\000o\000l\000o\000u\000r}{subsection.5.30.2}% 243
\BOOKMARK [3][-]{subsubsection.5.30.2.3}{\376\377\0005\000.\0003\0000\000.\0002\000.\0003\000\040\000n\000o\000r\000m\000a\000l\000T\000i\000m\000e\000T\000e\000x\000t\000C\000o\000l\000o\000u\000r}{subsection.5.30.2}% 244
\BOOKMARK [1][-]{section.5.31}{\376\377\0005\000.\0003\0001\000\040\000M\000u\000l\000t\000i\000S\000t\000a\000c\000k\000.\000O\000n\000e\000S\000h\000a\000p\000e\000M\000o\000d\000i\000f\000i\000e\000r\000\040\000C\000l\000a\000s\000s\000\040\000R\000e\000f\000e\000r\000e\000n\000c\000e}{chapter.5}% 245
\BOOKMARK [2][-]{subsection.5.31.1}{\376\377\0005\000.\0003\0001\000.\0001\000\040\000D\000e\000t\000a\000i\000l\000e\000d\000\040\000D\000e\000s\000c\000r\000i\000p\000t\000i\000o\000n}{section.5.31}% 246
\BOOKMARK [2][-]{subsection.5.31.2}{\376\377\0005\000.\0003\0001\000.\0002\000\040\000M\000e\000m\000b\000e\000r\000\040\000F\000u\000n\000c\000t\000i\000o\000n\000\040\000D\000o\000c\000u\000m\000e\000n\000t\000a\000t\000i\000o\000n}{section.5.31}% 247
\BOOKMARK [3][-]{subsubsection.5.31.2.1}{\376\377\0005\000.\0003\0001\000.\0002\000.\0001\000\040\000A\000c\000t\000i\000v\000a\000t\000e\000\050\000\051}{subsection.5.31.2}% 248
\BOOKMARK [3][-]{subsubsection.5.31.2.2}{\376\377\0005\000.\0003\0001\000.\0002\000.\0002\000\040\000D\000e\000a\000c\000t\000i\000v\000a\000t\000e\000\050\000\051}{subsection.5.31.2}% 249
\BOOKMARK [2][-]{subsection.5.31.3}{\376\377\0005\000.\0003\0001\000.\0003\000\040\000M\000e\000m\000b\000e\000r\000\040\000D\000a\000t\000a\000\040\000D\000o\000c\000u\000m\000e\000n\000t\000a\000t\000i\000o\000n}{section.5.31}% 250
\BOOKMARK [3][-]{subsubsection.5.31.3.1}{\376\377\0005\000.\0003\0001\000.\0003\000.\0001\000\040\000s\000h\000a\000p\000e}{subsection.5.31.3}% 251
\BOOKMARK [1][-]{section.5.32}{\376\377\0005\000.\0003\0002\000\040\000M\000u\000l\000t\000i\000S\000t\000a\000c\000k\000.\000P\000l\000a\000y\000e\000r\000B\000o\000x\000P\000l\000a\000c\000e\000d\000\040\000C\000l\000a\000s\000s\000\040\000R\000e\000f\000e\000r\000e\000n\000c\000e}{chapter.5}% 252
\BOOKMARK [2][-]{subsection.5.32.1}{\376\377\0005\000.\0003\0002\000.\0001\000\040\000D\000e\000t\000a\000i\000l\000e\000d\000\040\000D\000e\000s\000c\000r\000i\000p\000t\000i\000o\000n}{section.5.32}% 253
\BOOKMARK [1][-]{section.5.33}{\376\377\0005\000.\0003\0003\000\040\000M\000u\000l\000t\000i\000S\000t\000a\000c\000k\000.\000P\000l\000a\000y\000e\000r\000C\000o\000l\000o\000u\000r\000s\000\040\000C\000l\000a\000s\000s\000\040\000R\000e\000f\000e\000r\000e\000n\000c\000e}{chapter.5}% 254
\BOOKMARK [2][-]{subsection.5.33.1}{\376\377\0005\000.\0003\0003\000.\0001\000\040\000D\000e\000t\000a\000i\000l\000e\000d\000\040\000D\000e\000s\000c\000r\000i\000p\000t\000i\000o\000n}{section.5.33}% 255
\BOOKMARK [2][-]{subsection.5.33.2}{\376\377\0005\000.\0003\0003\000.\0002\000\040\000M\000e\000m\000b\000e\000r\000\040\000D\000a\000t\000a\000\040\000D\000o\000c\000u\000m\000e\000n\000t\000a\000t\000i\000o\000n}{section.5.33}% 256
\BOOKMARK [3][-]{subsubsection.5.33.2.1}{\376\377\0005\000.\0003\0003\000.\0002\000.\0001\000\040\000c\000o\000l\000o\000u\000r\000s}{subsection.5.33.2}% 257
\BOOKMARK [1][-]{section.5.34}{\376\377\0005\000.\0003\0004\000\040\000M\000u\000l\000t\000i\000S\000t\000a\000c\000k\000.\000P\000l\000a\000y\000e\000r\000N\000u\000m\000b\000e\000r\000C\000o\000u\000n\000t\000\040\000C\000l\000a\000s\000s\000\040\000R\000e\000f\000e\000r\000e\000n\000c\000e}{chapter.5}% 258
\BOOKMARK [2][-]{subsection.5.34.1}{\376\377\0005\000.\0003\0004\000.\0001\000\040\000P\000r\000o\000p\000e\000r\000t\000y\000\040\000D\000o\000c\000u\000m\000e\000n\000t\000a\000t\000i\000o\000n}{section.5.34}% 259
\BOOKMARK [3][-]{subsubsection.5.34.1.1}{\376\377\0005\000.\0003\0004\000.\0001\000.\0001\000\040\000n\000u\000m\000b\000e\000r\000O\000f\000P\000l\000a\000y\000e\000r\000s}{subsection.5.34.1}% 260
\BOOKMARK [1][-]{section.5.35}{\376\377\0005\000.\0003\0005\000\040\000M\000u\000l\000t\000i\000S\000t\000a\000c\000k\000.\000P\000l\000a\000y\000e\000r\000P\000h\000y\000s\000i\000c\000s\000O\000b\000j\000e\000c\000t\000\040\000S\000t\000r\000u\000c\000t\000\040\000R\000e\000f\000e\000r\000e\000n\000c\000e}{chapter.5}% 261
\BOOKMARK [2][-]{subsection.5.35.1}{\376\377\0005\000.\0003\0005\000.\0001\000\040\000D\000e\000t\000a\000i\000l\000e\000d\000\040\000D\000e\000s\000c\000r\000i\000p\000t\000i\000o\000n}{section.5.35}% 262
\BOOKMARK [2][-]{subsection.5.35.2}{\376\377\0005\000.\0003\0005\000.\0002\000\040\000M\000e\000m\000b\000e\000r\000\040\000D\000a\000t\000a\000\040\000D\000o\000c\000u\000m\000e\000n\000t\000a\000t\000i\000o\000n}{section.5.35}% 263
\BOOKMARK [3][-]{subsubsection.5.35.2.1}{\376\377\0005\000.\0003\0005\000.\0002\000.\0001\000\040\000r\000e\000a\000l\000P\000r\000e\000f\000a\000b}{subsection.5.35.2}% 264
\BOOKMARK [3][-]{subsubsection.5.35.2.2}{\376\377\0005\000.\0003\0005\000.\0002\000.\0002\000\040\000s\000h\000a\000p\000e}{subsection.5.35.2}% 265
\BOOKMARK [3][-]{subsubsection.5.35.2.3}{\376\377\0005\000.\0003\0005\000.\0002\000.\0003\000\040\000s\000i\000m\000p\000l\000e\000P\000r\000e\000f\000a\000b}{subsection.5.35.2}% 266
\BOOKMARK [3][-]{subsubsection.5.35.2.4}{\376\377\0005\000.\0003\0005\000.\0002\000.\0004\000\040\000w\000e\000i\000g\000h\000t}{subsection.5.35.2}% 267
\BOOKMARK [2][-]{subsection.5.35.3}{\376\377\0005\000.\0003\0005\000.\0003\000\040\000P\000r\000o\000p\000e\000r\000t\000y\000\040\000D\000o\000c\000u\000m\000e\000n\000t\000a\000t\000i\000o\000n}{section.5.35}% 268
\BOOKMARK [3][-]{subsubsection.5.35.3.1}{\376\377\0005\000.\0003\0005\000.\0003\000.\0001\000\040\000i\000n\000s\000t\000a\000n\000t\000i\000a\000t\000e\000d\000P\000r\000e\000f\000a\000b}{subsection.5.35.3}% 269
\BOOKMARK [1][-]{section.5.36}{\376\377\0005\000.\0003\0006\000\040\000M\000u\000l\000t\000i\000S\000t\000a\000c\000k\000.\000R\000a\000n\000d\000o\000m\000P\000l\000a\000y\000e\000r\000O\000r\000d\000e\000r\000M\000o\000d\000i\000f\000i\000e\000r\000\040\000C\000l\000a\000s\000s\000\040\000R\000e\000f\000e\000r\000e\000n\000c\000e}{chapter.5}% 270
\BOOKMARK [2][-]{subsection.5.36.1}{\376\377\0005\000.\0003\0006\000.\0001\000\040\000D\000e\000t\000a\000i\000l\000e\000d\000\040\000D\000e\000s\000c\000r\000i\000p\000t\000i\000o\000n}{section.5.36}% 271
\BOOKMARK [2][-]{subsection.5.36.2}{\376\377\0005\000.\0003\0006\000.\0002\000\040\000M\000e\000m\000b\000e\000r\000\040\000F\000u\000n\000c\000t\000i\000o\000n\000\040\000D\000o\000c\000u\000m\000e\000n\000t\000a\000t\000i\000o\000n}{section.5.36}% 272
\BOOKMARK [3][-]{subsubsection.5.36.2.1}{\376\377\0005\000.\0003\0006\000.\0002\000.\0001\000\040\000A\000c\000t\000i\000v\000a\000t\000e\000\050\000\051}{subsection.5.36.2}% 273
\BOOKMARK [3][-]{subsubsection.5.36.2.2}{\376\377\0005\000.\0003\0006\000.\0002\000.\0002\000\040\000D\000e\000a\000c\000t\000i\000v\000a\000t\000e\000\050\000\051}{subsection.5.36.2}% 274
\BOOKMARK [1][-]{section.5.37}{\376\377\0005\000.\0003\0007\000\040\000M\000u\000l\000t\000i\000S\000t\000a\000c\000k\000.\000R\000e\000v\000e\000r\000s\000e\000D\000r\000a\000g\000M\000o\000d\000i\000f\000i\000e\000r\000\040\000C\000l\000a\000s\000s\000\040\000R\000e\000f\000e\000r\000e\000n\000c\000e}{chapter.5}% 275
\BOOKMARK [2][-]{subsection.5.37.1}{\376\377\0005\000.\0003\0007\000.\0001\000\040\000D\000e\000t\000a\000i\000l\000e\000d\000\040\000D\000e\000s\000c\000r\000i\000p\000t\000i\000o\000n}{section.5.37}% 276
\BOOKMARK [2][-]{subsection.5.37.2}{\376\377\0005\000.\0003\0007\000.\0002\000\040\000M\000e\000m\000b\000e\000r\000\040\000F\000u\000n\000c\000t\000i\000o\000n\000\040\000D\000o\000c\000u\000m\000e\000n\000t\000a\000t\000i\000o\000n}{section.5.37}% 277
\BOOKMARK [3][-]{subsubsection.5.37.2.1}{\376\377\0005\000.\0003\0007\000.\0002\000.\0001\000\040\000A\000c\000t\000i\000v\000a\000t\000e\000\050\000\051}{subsection.5.37.2}% 278
\BOOKMARK [3][-]{subsubsection.5.37.2.2}{\376\377\0005\000.\0003\0007\000.\0002\000.\0002\000\040\000D\000e\000a\000c\000t\000i\000v\000a\000t\000e\000\050\000\051}{subsection.5.37.2}% 279
\BOOKMARK [1][-]{section.5.38}{\376\377\0005\000.\0003\0008\000\040\000M\000u\000l\000t\000i\000S\000t\000a\000c\000k\000.\000S\000c\000o\000r\000e\000D\000a\000t\000a\000\040\000C\000l\000a\000s\000s\000\040\000R\000e\000f\000e\000r\000e\000n\000c\000e}{chapter.5}% 280
\BOOKMARK [2][-]{subsection.5.38.1}{\376\377\0005\000.\0003\0008\000.\0001\000\040\000D\000e\000t\000a\000i\000l\000e\000d\000\040\000D\000e\000s\000c\000r\000i\000p\000t\000i\000o\000n}{section.5.38}% 281
\BOOKMARK [1][-]{section.5.39}{\376\377\0005\000.\0003\0009\000\040\000M\000u\000l\000t\000i\000S\000t\000a\000c\000k\000.\000S\000h\000a\000k\000e\000y\000S\000h\000a\000p\000e\000s\000M\000o\000d\000i\000f\000i\000e\000r\000\040\000C\000l\000a\000s\000s\000\040\000R\000e\000f\000e\000r\000e\000n\000c\000e}{chapter.5}% 282
\BOOKMARK [2][-]{subsection.5.39.1}{\376\377\0005\000.\0003\0009\000.\0001\000\040\000D\000e\000t\000a\000i\000l\000e\000d\000\040\000D\000e\000s\000c\000r\000i\000p\000t\000i\000o\000n}{section.5.39}% 283
\BOOKMARK [2][-]{subsection.5.39.2}{\376\377\0005\000.\0003\0009\000.\0002\000\040\000M\000e\000m\000b\000e\000r\000\040\000F\000u\000n\000c\000t\000i\000o\000n\000\040\000D\000o\000c\000u\000m\000e\000n\000t\000a\000t\000i\000o\000n}{section.5.39}% 284
\BOOKMARK [3][-]{subsubsection.5.39.2.1}{\376\377\0005\000.\0003\0009\000.\0002\000.\0001\000\040\000A\000c\000t\000i\000v\000a\000t\000e\000\050\000\051}{subsection.5.39.2}% 285
\BOOKMARK [3][-]{subsubsection.5.39.2.2}{\376\377\0005\000.\0003\0009\000.\0002\000.\0002\000\040\000D\000e\000a\000c\000t\000i\000v\000a\000t\000e\000\050\000\051}{subsection.5.39.2}% 286
\BOOKMARK [1][-]{section.5.40}{\376\377\0005\000.\0004\0000\000\040\000M\000u\000l\000t\000i\000S\000t\000a\000c\000k\000.\000S\000h\000a\000p\000e\000M\000o\000v\000e\000m\000e\000n\000t\000S\000p\000e\000e\000d\000M\000o\000d\000i\000f\000i\000e\000r\000\040\000C\000l\000a\000s\000s\000\040\000R\000e\000f\000e\000r\000e\000n\000c\000e}{chapter.5}% 287
\BOOKMARK [2][-]{subsection.5.40.1}{\376\377\0005\000.\0004\0000\000.\0001\000\040\000D\000e\000t\000a\000i\000l\000e\000d\000\040\000D\000e\000s\000c\000r\000i\000p\000t\000i\000o\000n}{section.5.40}% 288
\BOOKMARK [2][-]{subsection.5.40.2}{\376\377\0005\000.\0004\0000\000.\0002\000\040\000M\000e\000m\000b\000e\000r\000\040\000F\000u\000n\000c\000t\000i\000o\000n\000\040\000D\000o\000c\000u\000m\000e\000n\000t\000a\000t\000i\000o\000n}{section.5.40}% 289
\BOOKMARK [3][-]{subsubsection.5.40.2.1}{\376\377\0005\000.\0004\0000\000.\0002\000.\0001\000\040\000A\000c\000t\000i\000v\000a\000t\000e\000\050\000\051}{subsection.5.40.2}% 290
\BOOKMARK [3][-]{subsubsection.5.40.2.2}{\376\377\0005\000.\0004\0000\000.\0002\000.\0002\000\040\000D\000e\000a\000c\000t\000i\000v\000a\000t\000e\000\050\000\051}{subsection.5.40.2}% 291
\BOOKMARK [1][-]{section.5.41}{\376\377\0005\000.\0004\0001\000\040\000M\000u\000l\000t\000i\000S\000t\000a\000c\000k\000.\000S\000h\000a\000p\000e\000S\000i\000z\000e\000M\000o\000d\000i\000f\000i\000e\000r\000\040\000C\000l\000a\000s\000s\000\040\000R\000e\000f\000e\000r\000e\000n\000c\000e}{chapter.5}% 292
\BOOKMARK [2][-]{subsection.5.41.1}{\376\377\0005\000.\0004\0001\000.\0001\000\040\000D\000e\000t\000a\000i\000l\000e\000d\000\040\000D\000e\000s\000c\000r\000i\000p\000t\000i\000o\000n}{section.5.41}% 293
\BOOKMARK [2][-]{subsection.5.41.2}{\376\377\0005\000.\0004\0001\000.\0002\000\040\000M\000e\000m\000b\000e\000r\000\040\000F\000u\000n\000c\000t\000i\000o\000n\000\040\000D\000o\000c\000u\000m\000e\000n\000t\000a\000t\000i\000o\000n}{section.5.41}% 294
\BOOKMARK [3][-]{subsubsection.5.41.2.1}{\376\377\0005\000.\0004\0001\000.\0002\000.\0001\000\040\000A\000c\000t\000i\000v\000a\000t\000e\000\050\000\051}{subsection.5.41.2}% 295
\BOOKMARK [3][-]{subsubsection.5.41.2.2}{\376\377\0005\000.\0004\0001\000.\0002\000.\0002\000\040\000D\000e\000a\000c\000t\000i\000v\000a\000t\000e\000\050\000\051}{subsection.5.41.2}% 296
\BOOKMARK [1][-]{section.5.42}{\376\377\0005\000.\0004\0002\000\040\000M\000u\000l\000t\000i\000S\000t\000a\000c\000k\000.\000S\000p\000r\000i\000n\000g\000M\000o\000d\000i\000f\000i\000e\000r\000\040\000C\000l\000a\000s\000s\000\040\000R\000e\000f\000e\000r\000e\000n\000c\000e}{chapter.5}% 297
\BOOKMARK [2][-]{subsection.5.42.1}{\376\377\0005\000.\0004\0002\000.\0001\000\040\000D\000e\000t\000a\000i\000l\000e\000d\000\040\000D\000e\000s\000c\000r\000i\000p\000t\000i\000o\000n}{section.5.42}% 298
\BOOKMARK [2][-]{subsection.5.42.2}{\376\377\0005\000.\0004\0002\000.\0002\000\040\000M\000e\000m\000b\000e\000r\000\040\000F\000u\000n\000c\000t\000i\000o\000n\000\040\000D\000o\000c\000u\000m\000e\000n\000t\000a\000t\000i\000o\000n}{section.5.42}% 299
\BOOKMARK [3][-]{subsubsection.5.42.2.1}{\376\377\0005\000.\0004\0002\000.\0002\000.\0001\000\040\000A\000c\000t\000i\000v\000a\000t\000e\000\050\000\051}{subsection.5.42.2}% 300
\BOOKMARK [3][-]{subsubsection.5.42.2.2}{\376\377\0005\000.\0004\0002\000.\0002\000.\0002\000\040\000D\000e\000a\000c\000t\000i\000v\000a\000t\000e\000\050\000\051}{subsection.5.42.2}% 301
\BOOKMARK [1][-]{section.5.43}{\376\377\0005\000.\0004\0003\000\040\000M\000u\000l\000t\000i\000S\000t\000a\000c\000k\000.\000S\000t\000a\000g\000e\000S\000e\000l\000e\000c\000t\000o\000r\000\040\000C\000l\000a\000s\000s\000\040\000R\000e\000f\000e\000r\000e\000n\000c\000e}{chapter.5}% 302
\BOOKMARK [2][-]{subsection.5.43.1}{\376\377\0005\000.\0004\0003\000.\0001\000\040\000D\000e\000t\000a\000i\000l\000e\000d\000\040\000D\000e\000s\000c\000r\000i\000p\000t\000i\000o\000n}{section.5.43}% 303
\BOOKMARK [2][-]{subsection.5.43.2}{\376\377\0005\000.\0004\0003\000.\0002\000\040\000M\000e\000m\000b\000e\000r\000\040\000F\000u\000n\000c\000t\000i\000o\000n\000\040\000D\000o\000c\000u\000m\000e\000n\000t\000a\000t\000i\000o\000n}{section.5.43}% 304
\BOOKMARK [3][-]{subsubsection.5.43.2.1}{\376\377\0005\000.\0004\0003\000.\0002\000.\0001\000\040\000C\000a\000l\000l\000B\000a\000c\000k\000O\000n\000S\000t\000a\000g\000e\000C\000o\000m\000p\000l\000e\000t\000e\000\050\000C\000a\000l\000l\000B\000a\000c\000k\000\040\000c\000a\000l\000l\000B\000a\000c\000k\000\051}{subsection.5.43.2}% 305
\BOOKMARK [3][-]{subsubsection.5.43.2.2}{\376\377\0005\000.\0004\0003\000.\0002\000.\0002\000\040\000S\000p\000a\000w\000n\000S\000t\000a\000g\000e\000\050\000\051}{subsection.5.43.2}% 306
\BOOKMARK [2][-]{subsection.5.43.3}{\376\377\0005\000.\0004\0003\000.\0003\000\040\000M\000e\000m\000b\000e\000r\000\040\000D\000a\000t\000a\000\040\000D\000o\000c\000u\000m\000e\000n\000t\000a\000t\000i\000o\000n}{section.5.43}% 307
\BOOKMARK [3][-]{subsubsection.5.43.3.1}{\376\377\0005\000.\0004\0003\000.\0003\000.\0001\000\040\000i\000n\000f\000o\000T\000e\000x\000t}{subsection.5.43.3}% 308
\BOOKMARK [3][-]{subsubsection.5.43.3.2}{\376\377\0005\000.\0004\0003\000.\0003\000.\0002\000\040\000s\000t\000a\000g\000e\000P\000r\000e\000f\000a\000b\000s}{subsection.5.43.3}% 309
\BOOKMARK [3][-]{subsubsection.5.43.3.3}{\376\377\0005\000.\0004\0003\000.\0003\000.\0003\000\040\000s\000t\000a\000g\000e\000T\000e\000x\000t}{subsection.5.43.3}% 310
\BOOKMARK [2][-]{subsection.5.43.4}{\376\377\0005\000.\0004\0003\000.\0004\000\040\000P\000r\000o\000p\000e\000r\000t\000y\000\040\000D\000o\000c\000u\000m\000e\000n\000t\000a\000t\000i\000o\000n}{section.5.43}% 311
\BOOKMARK [3][-]{subsubsection.5.43.4.1}{\376\377\0005\000.\0004\0003\000.\0004\000.\0001\000\040\000s\000t\000a\000g\000e\000S\000p\000a\000w\000n\000e\000d}{subsection.5.43.4}% 312
\BOOKMARK [1][-]{section.5.44}{\376\377\0005\000.\0004\0004\000\040\000M\000u\000l\000t\000i\000S\000t\000a\000c\000k\000.\000T\000i\000m\000e\000F\000o\000r\000M\000o\000v\000e\000M\000o\000d\000i\000f\000i\000e\000r\000\040\000C\000l\000a\000s\000s\000\040\000R\000e\000f\000e\000r\000e\000n\000c\000e}{chapter.5}% 313
\BOOKMARK [2][-]{subsection.5.44.1}{\376\377\0005\000.\0004\0004\000.\0001\000\040\000D\000e\000t\000a\000i\000l\000e\000d\000\040\000D\000e\000s\000c\000r\000i\000p\000t\000i\000o\000n}{section.5.44}% 314
\BOOKMARK [2][-]{subsection.5.44.2}{\376\377\0005\000.\0004\0004\000.\0002\000\040\000M\000e\000m\000b\000e\000r\000\040\000F\000u\000n\000c\000t\000i\000o\000n\000\040\000D\000o\000c\000u\000m\000e\000n\000t\000a\000t\000i\000o\000n}{section.5.44}% 315
\BOOKMARK [3][-]{subsubsection.5.44.2.1}{\376\377\0005\000.\0004\0004\000.\0002\000.\0001\000\040\000A\000c\000t\000i\000v\000a\000t\000e\000\050\000\051}{subsection.5.44.2}% 316
\BOOKMARK [3][-]{subsubsection.5.44.2.2}{\376\377\0005\000.\0004\0004\000.\0002\000.\0002\000\040\000D\000e\000a\000c\000t\000i\000v\000a\000t\000e\000\050\000\051}{subsection.5.44.2}% 317
\BOOKMARK [2][-]{subsection.5.44.3}{\376\377\0005\000.\0004\0004\000.\0003\000\040\000M\000e\000m\000b\000e\000r\000\040\000D\000a\000t\000a\000\040\000D\000o\000c\000u\000m\000e\000n\000t\000a\000t\000i\000o\000n}{section.5.44}% 318
\BOOKMARK [3][-]{subsubsection.5.44.3.1}{\376\377\0005\000.\0004\0004\000.\0003\000.\0001\000\040\000c\000h\000a\000n\000g\000e\000d\000T\000i\000m\000e}{subsection.5.44.3}% 319
\BOOKMARK [1][-]{section.5.45}{\376\377\0005\000.\0004\0005\000\040\000M\000u\000l\000t\000i\000S\000t\000a\000c\000k\000.\000T\000u\000r\000n\000M\000a\000n\000a\000g\000e\000r\000\040\000C\000l\000a\000s\000s\000\040\000R\000e\000f\000e\000r\000e\000n\000c\000e}{chapter.5}% 320
\BOOKMARK [2][-]{subsection.5.45.1}{\376\377\0005\000.\0004\0005\000.\0001\000\040\000D\000e\000t\000a\000i\000l\000e\000d\000\040\000D\000e\000s\000c\000r\000i\000p\000t\000i\000o\000n}{section.5.45}% 321
\BOOKMARK [2][-]{subsection.5.45.2}{\376\377\0005\000.\0004\0005\000.\0002\000\040\000M\000e\000m\000b\000e\000r\000\040\000F\000u\000n\000c\000t\000i\000o\000n\000\040\000D\000o\000c\000u\000m\000e\000n\000t\000a\000t\000i\000o\000n}{section.5.45}% 322
\BOOKMARK [3][-]{subsubsection.5.45.2.1}{\376\377\0005\000.\0004\0005\000.\0002\000.\0001\000\040\000A\000p\000p\000l\000y\000C\000a\000t\000c\000h\000T\000h\000e\000S\000h\000a\000p\000e\000M\000o\000d\000i\000f\000i\000e\000r\000\050\000\051}{subsection.5.45.2}% 323
\BOOKMARK [3][-]{subsubsection.5.45.2.2}{\376\377\0005\000.\0004\0005\000.\0002\000.\0002\000\040\000A\000p\000p\000l\000y\000G\000r\000a\000v\000i\000t\000y\000M\000o\000d\000i\000f\000i\000e\000r\000\050\000f\000l\000o\000a\000t\000\040\000m\000o\000d\000i\000f\000i\000e\000r\000\051}{subsection.5.45.2}% 324
\BOOKMARK [3][-]{subsubsection.5.45.2.3}{\376\377\0005\000.\0004\0005\000.\0002\000.\0003\000\040\000A\000p\000p\000l\000y\000S\000h\000a\000p\000e\000M\000o\000d\000i\000f\000i\000e\000r\000\050\000S\000h\000a\000p\000e\000\040\000s\000h\000a\000p\000e\000\051}{subsection.5.45.2}% 325
\BOOKMARK [3][-]{subsubsection.5.45.2.4}{\376\377\0005\000.\0004\0005\000.\0002\000.\0004\000\040\000A\000p\000p\000l\000y\000S\000i\000z\000e\000M\000o\000d\000i\000f\000i\000e\000r\000\050\000f\000l\000o\000a\000t\000\040\000m\000o\000d\000i\000f\000i\000e\000r\000\051}{subsection.5.45.2}% 326
\BOOKMARK [3][-]{subsubsection.5.45.2.5}{\376\377\0005\000.\0004\0005\000.\0002\000.\0005\000\040\000C\000h\000a\000n\000g\000e\000S\000h\000a\000p\000e\000T\000o\000E\000x\000p\000l\000o\000s\000i\000v\000e\000\050\000\051}{subsection.5.45.2}% 327
\BOOKMARK [3][-]{subsubsection.5.45.2.6}{\376\377\0005\000.\0004\0005\000.\0002\000.\0006\000\040\000C\000h\000a\000n\000g\000e\000S\000h\000a\000p\000e\000T\000o\000G\000l\000a\000s\000s\000\050\000\051}{subsection.5.45.2}% 328
\BOOKMARK [3][-]{subsubsection.5.45.2.7}{\376\377\0005\000.\0004\0005\000.\0002\000.\0007\000\040\000D\000i\000s\000a\000b\000l\000e\000C\000a\000t\000c\000h\000T\000h\000e\000S\000h\000a\000p\000e\000M\000o\000d\000i\000f\000i\000e\000r\000\050\000\051}{subsection.5.45.2}% 329
\BOOKMARK [3][-]{subsubsection.5.45.2.8}{\376\377\0005\000.\0004\0005\000.\0002\000.\0008\000\040\000D\000i\000s\000a\000b\000l\000e\000G\000r\000a\000v\000i\000t\000y\000M\000o\000d\000i\000f\000i\000e\000r\000\050\000\051}{subsection.5.45.2}% 330
\BOOKMARK [3][-]{subsubsection.5.45.2.9}{\376\377\0005\000.\0004\0005\000.\0002\000.\0009\000\040\000D\000i\000s\000a\000b\000l\000e\000S\000h\000a\000p\000e\000M\000o\000d\000i\000f\000i\000e\000r\000\050\000\051}{subsection.5.45.2}% 331
\BOOKMARK [3][-]{subsubsection.5.45.2.10}{\376\377\0005\000.\0004\0005\000.\0002\000.\0001\0000\000\040\000D\000i\000s\000a\000b\000l\000e\000S\000i\000z\000e\000M\000o\000d\000i\000f\000i\000e\000r\000\050\000\051}{subsection.5.45.2}% 332
\BOOKMARK [3][-]{subsubsection.5.45.2.11}{\376\377\0005\000.\0004\0005\000.\0002\000.\0001\0001\000\040\000I\000n\000i\000t\000i\000a\000l\000i\000s\000e\000\050\000i\000n\000t\000\040\000n\000u\000m\000O\000f\000P\000l\000a\000y\000e\000r\000s\000\051}{subsection.5.45.2}% 333
\BOOKMARK [3][-]{subsubsection.5.45.2.12}{\376\377\0005\000.\0004\0005\000.\0002\000.\0001\0002\000\040\000O\000b\000j\000e\000c\000t\000D\000r\000o\000p\000p\000e\000d\000\050\000R\000i\000g\000i\000d\000b\000o\000d\000y\0002\000D\000\040\000o\000b\000j\000\051}{subsection.5.45.2}% 334
\BOOKMARK [3][-]{subsubsection.5.45.2.13}{\376\377\0005\000.\0004\0005\000.\0002\000.\0001\0003\000\040\000O\000b\000j\000e\000c\000t\000P\000i\000c\000k\000e\000d\000U\000p\000\050\000R\000i\000g\000i\000d\000b\000o\000d\000y\0002\000D\000\040\000o\000b\000j\000\051}{subsection.5.45.2}% 335
\BOOKMARK [3][-]{subsubsection.5.45.2.14}{\376\377\0005\000.\0004\0005\000.\0002\000.\0001\0004\000\040\000S\000t\000a\000r\000t\000N\000e\000w\000R\000o\000u\000n\000d\000\050\000\051}{subsection.5.45.2}% 336
\BOOKMARK [2][-]{subsection.5.45.3}{\376\377\0005\000.\0004\0005\000.\0003\000\040\000M\000e\000m\000b\000e\000r\000\040\000D\000a\000t\000a\000\040\000D\000o\000c\000u\000m\000e\000n\000t\000a\000t\000i\000o\000n}{section.5.45}% 337
\BOOKMARK [3][-]{subsubsection.5.45.3.1}{\376\377\0005\000.\0004\0005\000.\0003\000.\0001\000\040\000b\000a\000s\000e\000T\000i\000m\000e\000F\000o\000r\000M\000o\000v\000e}{subsection.5.45.3}% 338
\BOOKMARK [3][-]{subsubsection.5.45.3.2}{\376\377\0005\000.\0004\0005\000.\0003\000.\0002\000\040\000p\000h\000y\000s\000i\000c\000s\000O\000b\000j\000e\000c\000t\000s}{subsection.5.45.3}% 339
\BOOKMARK [3][-]{subsubsection.5.45.3.3}{\376\377\0005\000.\0004\0005\000.\0003\000.\0003\000\040\000p\000l\000a\000y\000e\000r\000C\000o\000l\000o\000u\000r\000s}{subsection.5.45.3}% 340
\BOOKMARK [3][-]{subsubsection.5.45.3.4}{\376\377\0005\000.\0004\0005\000.\0003\000.\0004\000\040\000p\000l\000a\000y\000e\000r\000L\000o\000c\000a\000t\000i\000o\000n\000s}{subsection.5.45.3}% 341
\BOOKMARK [3][-]{subsubsection.5.45.3.5}{\376\377\0005\000.\0004\0005\000.\0003\000.\0005\000\040\000p\000l\000a\000y\000e\000r\000T\000e\000x\000t}{subsection.5.45.3}% 342
\BOOKMARK [3][-]{subsubsection.5.45.3.6}{\376\377\0005\000.\0004\0005\000.\0003\000.\0006\000\040\000t\000i\000m\000e\000R\000e\000m\000a\000i\000n\000i\000n\000g\000T\000e\000x\000t}{subsection.5.45.3}% 343
\BOOKMARK [2][-]{subsection.5.45.4}{\376\377\0005\000.\0004\0005\000.\0004\000\040\000P\000r\000o\000p\000e\000r\000t\000y\000\040\000D\000o\000c\000u\000m\000e\000n\000t\000a\000t\000i\000o\000n}{section.5.45}% 344
\BOOKMARK [3][-]{subsubsection.5.45.4.1}{\376\377\0005\000.\0004\0005\000.\0004\000.\0001\000\040\000c\000u\000r\000r\000e\000n\000t\000E\000n\000h\000a\000n\000c\000e\000d\000H\000e\000i\000g\000h\000t}{subsection.5.45.4}% 345
\BOOKMARK [3][-]{subsubsection.5.45.4.2}{\376\377\0005\000.\0004\0005\000.\0004\000.\0002\000\040\000c\000u\000r\000r\000e\000n\000t\000P\000l\000a\000y\000e\000r}{subsection.5.45.4}% 346
\BOOKMARK [3][-]{subsubsection.5.45.4.3}{\376\377\0005\000.\0004\0005\000.\0004\000.\0003\000\040\000c\000u\000r\000r\000e\000n\000t\000R\000o\000u\000n\000d}{subsection.5.45.4}% 347
\BOOKMARK [3][-]{subsubsection.5.45.4.4}{\376\377\0005\000.\0004\0005\000.\0004\000.\0004\000\040\000e\000x\000p\000l\000o\000s\000i\000v\000e\000S\000p\000r\000i\000t\000e\000A\000v\000a\000i\000l\000a\000b\000l\000e\000F\000o\000r\000S\000p\000a\000w\000n\000e\000d\000O\000b\000j\000e\000c\000t}{subsection.5.45.4}% 348
\BOOKMARK [3][-]{subsubsection.5.45.4.5}{\376\377\0005\000.\0004\0005\000.\0004\000.\0005\000\040\000g\000l\000a\000s\000s\000S\000p\000r\000i\000t\000e\000A\000v\000a\000i\000l\000a\000b\000l\000e\000F\000o\000r\000S\000p\000a\000w\000n\000e\000d\000O\000b\000j\000e\000c\000t}{subsection.5.45.4}% 349
\BOOKMARK [3][-]{subsubsection.5.45.4.6}{\376\377\0005\000.\0004\0005\000.\0004\000.\0006\000\040\000i\000n\000s\000t\000a\000n\000c\000e}{subsection.5.45.4}% 350
\BOOKMARK [3][-]{subsubsection.5.45.4.7}{\376\377\0005\000.\0004\0005\000.\0004\000.\0007\000\040\000n\000u\000m\000O\000f\000O\000b\000j\000e\000c\000t\000s\000S\000p\000a\000w\000n\000e\000d}{subsection.5.45.4}% 351
\BOOKMARK [3][-]{subsubsection.5.45.4.8}{\376\377\0005\000.\0004\0005\000.\0004\000.\0008\000\040\000r\000a\000n\000d\000o\000m\000P\000l\000a\000y\000e\000r\000O\000r\000d\000e\000r}{subsection.5.45.4}% 352
\BOOKMARK [3][-]{subsubsection.5.45.4.9}{\376\377\0005\000.\0004\0005\000.\0004\000.\0009\000\040\000s\000h\000a\000p\000e\000O\000f\000f\000s\000e\000t\000H\000e\000i\000g\000h\000t}{subsection.5.45.4}% 353
\BOOKMARK [3][-]{subsubsection.5.45.4.10}{\376\377\0005\000.\0004\0005\000.\0004\000.\0001\0000\000\040\000s\000h\000o\000u\000l\000d\000U\000p\000d\000a\000t\000e}{subsection.5.45.4}% 354
\BOOKMARK [1][-]{section.5.46}{\376\377\0005\000.\0004\0006\000\040\000M\000u\000l\000t\000i\000S\000t\000a\000c\000k\000.\000U\000I\000F\000l\000a\000s\000h\000\040\000C\000l\000a\000s\000s\000\040\000R\000e\000f\000e\000r\000e\000n\000c\000e}{chapter.5}% 355
\BOOKMARK [2][-]{subsection.5.46.1}{\376\377\0005\000.\0004\0006\000.\0001\000\040\000D\000e\000t\000a\000i\000l\000e\000d\000\040\000D\000e\000s\000c\000r\000i\000p\000t\000i\000o\000n}{section.5.46}% 356
\BOOKMARK [2][-]{subsection.5.46.2}{\376\377\0005\000.\0004\0006\000.\0002\000\040\000M\000e\000m\000b\000e\000r\000\040\000F\000u\000n\000c\000t\000i\000o\000n\000\040\000D\000o\000c\000u\000m\000e\000n\000t\000a\000t\000i\000o\000n}{section.5.46}% 357
\BOOKMARK [3][-]{subsubsection.5.46.2.1}{\376\377\0005\000.\0004\0006\000.\0002\000.\0001\000\040\000C\000a\000l\000l\000b\000a\000c\000k\000O\000n\000U\000I\000F\000l\000a\000s\000h\000C\000o\000m\000p\000l\000e\000t\000e\000\050\000C\000a\000l\000l\000B\000a\000c\000k\000\040\000c\000a\000l\000l\000b\000a\000c\000k\000\051}{subsection.5.46.2}% 358
\BOOKMARK [3][-]{subsubsection.5.46.2.2}{\376\377\0005\000.\0004\0006\000.\0002\000.\0002\000\040\000G\000a\000m\000e\000O\000v\000e\000r\000U\000I\000F\000l\000a\000s\000h\000I\000n\000S\000e\000c\000o\000n\000d\000s\000\050\000f\000l\000o\000a\000t\000\040\000s\000e\000c\000o\000n\000d\000s\000\051}{subsection.5.46.2}% 359
\BOOKMARK [2][-]{subsection.5.46.3}{\376\377\0005\000.\0004\0006\000.\0003\000\040\000M\000e\000m\000b\000e\000r\000\040\000D\000a\000t\000a\000\040\000D\000o\000c\000u\000m\000e\000n\000t\000a\000t\000i\000o\000n}{section.5.46}% 360
\BOOKMARK [3][-]{subsubsection.5.46.3.1}{\376\377\0005\000.\0004\0006\000.\0003\000.\0001\000\040\000i\000s\000M\000e\000n\000u}{subsection.5.46.3}% 361
\BOOKMARK [1][-]{section.5.47}{\376\377\0005\000.\0004\0007\000\040\000M\000u\000l\000t\000i\000S\000t\000a\000c\000k\000.\000U\000t\000i\000l\000i\000t\000i\000e\000s\000\040\000C\000l\000a\000s\000s\000\040\000R\000e\000f\000e\000r\000e\000n\000c\000e}{chapter.5}% 362
\BOOKMARK [2][-]{subsection.5.47.1}{\376\377\0005\000.\0004\0007\000.\0001\000\040\000D\000e\000t\000a\000i\000l\000e\000d\000\040\000D\000e\000s\000c\000r\000i\000p\000t\000i\000o\000n}{section.5.47}% 363
\BOOKMARK [2][-]{subsection.5.47.2}{\376\377\0005\000.\0004\0007\000.\0002\000\040\000M\000e\000m\000b\000e\000r\000\040\000F\000u\000n\000c\000t\000i\000o\000n\000\040\000D\000o\000c\000u\000m\000e\000n\000t\000a\000t\000i\000o\000n}{section.5.47}% 364
\BOOKMARK [3][-]{subsubsection.5.47.2.1}{\376\377\0005\000.\0004\0007\000.\0002\000.\0001\000\040\000G\000e\000t\000R\000a\000n\000d\000o\000m\000R\000o\000t\000a\000t\000i\000o\000n\0002\000D\000\050\000\051}{subsection.5.47.2}% 365
\BOOKMARK [3][-]{subsubsection.5.47.2.2}{\376\377\0005\000.\0004\0007\000.\0002\000.\0002\000\040\000I\000n\000v\000o\000k\000e\000M\000e\000t\000h\000o\000d\000E\000v\000e\000r\000y\000S\000e\000c\000o\000n\000d\000s\000\050\000C\000a\000l\000l\000B\000a\000c\000k\000\040\000m\000e\000t\000h\000o\000d\000,\000\040\000f\000l\000o\000a\000t\000\040\000s\000e\000c\000o\000n\000d\000s\000\051}{subsection.5.47.2}% 366
\BOOKMARK [2][-]{subsection.5.47.3}{\376\377\0005\000.\0004\0007\000.\0003\000\040\000P\000r\000o\000p\000e\000r\000t\000y\000\040\000D\000o\000c\000u\000m\000e\000n\000t\000a\000t\000i\000o\000n}{section.5.47}% 367
\BOOKMARK [3][-]{subsubsection.5.47.3.1}{\376\377\0005\000.\0004\0007\000.\0003\000.\0001\000\040\000i\000n\000s\000t\000a\000n\000c\000e}{subsection.5.47.3}% 368
\BOOKMARK [0][-]{section*.87}{\376\377\000I\000n\000d\000e\000x}{}% 369
